Using pre-set license
Built from '2022.3/staging' branch; Version is '2022.3.8f1 (b5eafc012955) revision 11922172'; Using compiler version '192829333'; Build Type 'Release'
OS: 'Windows 10  (10.0.19045) 64bit Professional' Language: 'pt' Physical Memory: 32719 MB
BatchMode: 1, IsHumanControllingUs: 0, StartBugReporterOnCrash: 0, Is64bit: 1, IsPro: 1

COMMAND LINE ARGUMENTS:
D:\Unity\2022.3.8f1\Editor\Unity.exe
-adb2
-batchMode
-noUpm
-name
AssetImportWorker3
-projectPath
D:/Projects/Pirate Project
-logFile
Logs/AssetImportWorker3.log
-srvPort
61984
Successfully changed project path to: D:/Projects/Pirate Project
D:/Projects/Pirate Project
[UnityMemory] Configuration Parameters - Can be set up in boot.config
    "memorysetup-bucket-allocator-granularity=16"
    "memorysetup-bucket-allocator-bucket-count=8"
    "memorysetup-bucket-allocator-block-size=33554432"
    "memorysetup-bucket-allocator-block-count=8"
    "memorysetup-main-allocator-block-size=16777216"
    "memorysetup-thread-allocator-block-size=16777216"
    "memorysetup-gfx-main-allocator-block-size=16777216"
    "memorysetup-gfx-thread-allocator-block-size=16777216"
    "memorysetup-cache-allocator-block-size=4194304"
    "memorysetup-typetree-allocator-block-size=2097152"
    "memorysetup-profiler-bucket-allocator-granularity=16"
    "memorysetup-profiler-bucket-allocator-bucket-count=8"
    "memorysetup-profiler-bucket-allocator-block-size=33554432"
    "memorysetup-profiler-bucket-allocator-block-count=8"
    "memorysetup-profiler-allocator-block-size=16777216"
    "memorysetup-profiler-editor-allocator-block-size=1048576"
    "memorysetup-temp-allocator-size-main=16777216"
    "memorysetup-job-temp-allocator-block-size=2097152"
    "memorysetup-job-temp-allocator-block-size-background=1048576"
    "memorysetup-job-temp-allocator-reduction-small-platforms=262144"
    "memorysetup-allocator-temp-initial-block-size-main=262144"
    "memorysetup-allocator-temp-initial-block-size-worker=262144"
    "memorysetup-temp-allocator-size-background-worker=32768"
    "memorysetup-temp-allocator-size-job-worker=262144"
    "memorysetup-temp-allocator-size-preload-manager=33554432"
    "memorysetup-temp-allocator-size-nav-mesh-worker=65536"
    "memorysetup-temp-allocator-size-audio-worker=65536"
    "memorysetup-temp-allocator-size-cloud-worker=32768"
    "memorysetup-temp-allocator-size-gi-baking-worker=262144"
    "memorysetup-temp-allocator-size-gfx=262144"
Player connection [40096] Host "[IP] 192.168.1.104 [Port] 0 [Flags] 2 [Guid] 1549429015 [EditorId] 1549429015 [Version] 1048832 [Id] WindowsEditor(7,DESKTOP-ONCK01R) [Debug] 1 [PackageName] WindowsEditor [ProjectName] Editor" joined multi-casting on [225.0.0.222:54997]...

Player connection [40096] Host "[IP] 192.168.1.104 [Port] 0 [Flags] 2 [Guid] 1549429015 [EditorId] 1549429015 [Version] 1048832 [Id] WindowsEditor(7,DESKTOP-ONCK01R) [Debug] 1 [PackageName] WindowsEditor [ProjectName] Editor" joined alternative multi-casting on [225.0.0.222:34997]...

[Physics::Module] Initialized MultithreadedJobDispatcher with 11 workers.
Refreshing native plugins compatible for Editor in 8.46 ms, found 3 plugins.
Preloading 0 native plugins for Editor in 0.00 ms.
Initialize engine version: 2022.3.8f1 (b5eafc012955)
[Subsystems] Discovering subsystems at path D:/Unity/2022.3.8f1/Editor/Data/Resources/UnitySubsystems
[Subsystems] Discovering subsystems at path D:/Projects/Pirate Project/Assets
GfxDevice: creating device client; threaded=0; jobified=0
Direct3D:
    Version:  Direct3D 11.0 [level 11.1]
    Renderer: NVIDIA GeForce GTX 1060 6GB (ID=0x1c03)
    Vendor:   NVIDIA
    VRAM:     6043 MB
    Driver:   31.0.15.3623
Initialize mono
Mono path[0] = 'D:/Unity/2022.3.8f1/Editor/Data/Managed'
Mono path[1] = 'D:/Unity/2022.3.8f1/Editor/Data/MonoBleedingEdge/lib/mono/unityjit-win32'
Mono config path = 'D:/Unity/2022.3.8f1/Editor/Data/MonoBleedingEdge/etc'
Using monoOptions --debugger-agent=transport=dt_socket,embedding=1,server=y,suspend=n,address=127.0.0.1:56116
Begin MonoManager ReloadAssembly
Registering precompiled unity dll's ...
Register platform support module: D:/Unity/2022.3.8f1/Editor/Data/PlaybackEngines/WindowsStandaloneSupport/UnityEditor.WindowsStandalone.Extensions.dll
Registered in 0.005797 seconds.
- Loaded All Assemblies, in  0.446 seconds
Native extension for WindowsStandalone target not found
Mono: successfully reloaded assembly
- Finished resetting the current domain, in  0.395 seconds
Domain Reload Profiling: 842ms
	BeginReloadAssembly (130ms)
		ExecutionOrderSort (0ms)
		DisableScriptedObjects (0ms)
		BackupInstance (0ms)
		ReleaseScriptingObjects (0ms)
		CreateAndSetChildDomain (1ms)
	RebuildCommonClasses (46ms)
	RebuildNativeTypeToScriptingClass (15ms)
	initialDomainReloadingComplete (69ms)
	LoadAllAssembliesAndSetupDomain (185ms)
		LoadAssemblies (129ms)
		RebuildTransferFunctionScriptingTraits (0ms)
		AnalyzeDomain (183ms)
			TypeCache.Refresh (181ms)
				TypeCache.ScanAssembly (166ms)
			ScanForSourceGeneratedMonoScriptInfo (0ms)
			ResolveRequiredComponents (1ms)
	FinalizeReload (396ms)
		ReleaseScriptCaches (0ms)
		RebuildScriptCaches (0ms)
		SetupLoadedEditorAssemblies (311ms)
			LogAssemblyErrors (0ms)
			InitializePlatformSupportModulesInManaged (10ms)
			SetLoadedEditorAssemblies (9ms)
			RefreshPlugins (0ms)
			BeforeProcessingInitializeOnLoad (3ms)
			ProcessInitializeOnLoadAttributes (189ms)
			ProcessInitializeOnLoadMethodAttributes (100ms)
			AfterProcessingInitializeOnLoad (0ms)
			EditorAssembliesLoaded (0ms)
		ExecutionOrderSort2 (0ms)
		AwakeInstancesAfterBackupRestoration (0ms)
========================================================================
Worker process is ready to serve import requests
Begin MonoManager ReloadAssembly
- Loaded All Assemblies, in  0.766 seconds
Refreshing native plugins compatible for Editor in 2.91 ms, found 3 plugins.
Native extension for WindowsStandalone target not found
Package Manager log level set to [2]
[Package Manager] Server::EnsureServerProcessIsRunning -- launch failed, reason: Unity was launched with the -noUpm command-line argument
[Package Manager] UpmClient::Send -- Unable to send message (not connected to UPM process).
[Package Manager] Cannot connect to Unity Package Manager local server
Mono: successfully reloaded assembly
- Finished resetting the current domain, in  0.762 seconds
Domain Reload Profiling: 1528ms
	BeginReloadAssembly (199ms)
		ExecutionOrderSort (0ms)
		DisableScriptedObjects (8ms)
		BackupInstance (0ms)
		ReleaseScriptingObjects (0ms)
		CreateAndSetChildDomain (30ms)
	RebuildCommonClasses (52ms)
	RebuildNativeTypeToScriptingClass (15ms)
	initialDomainReloadingComplete (50ms)
	LoadAllAssembliesAndSetupDomain (450ms)
		LoadAssemblies (327ms)
		RebuildTransferFunctionScriptingTraits (0ms)
		AnalyzeDomain (231ms)
			TypeCache.Refresh (203ms)
				TypeCache.ScanAssembly (186ms)
			ScanForSourceGeneratedMonoScriptInfo (21ms)
			ResolveRequiredComponents (5ms)
	FinalizeReload (762ms)
		ReleaseScriptCaches (0ms)
		RebuildScriptCaches (0ms)
		SetupLoadedEditorAssemblies (566ms)
			LogAssemblyErrors (0ms)
			InitializePlatformSupportModulesInManaged (6ms)
			SetLoadedEditorAssemblies (5ms)
			RefreshPlugins (0ms)
			BeforeProcessingInitializeOnLoad (72ms)
			ProcessInitializeOnLoadAttributes (455ms)
			ProcessInitializeOnLoadMethodAttributes (24ms)
			AfterProcessingInitializeOnLoad (4ms)
			EditorAssembliesLoaded (0ms)
		ExecutionOrderSort2 (0ms)
		AwakeInstancesAfterBackupRestoration (8ms)
Launched and connected shader compiler UnityShaderCompiler.exe after 0.07 seconds
Refreshing native plugins compatible for Editor in 2.83 ms, found 3 plugins.
Preloading 0 native plugins for Editor in 0.00 ms.
Unloading 3492 Unused Serialized files (Serialized files now loaded: 0)
Unloading 41 unused Assets / (56.8 KB). Loaded Objects now: 3963.
Memory consumption went from 123.2 MB to 123.2 MB.
Total: 4.634100 ms (FindLiveObjects: 0.374000 ms CreateObjectMapping: 0.107600 ms MarkObjects: 4.011100 ms  DeleteObjects: 0.140100 ms)

AssetImportParameters requested are different than current active one (requested -> active):
  custom:scripting/monoscript/fileName/DebugTimer.cs: 7c69f05a8c9ac3fe7c46ffc9a54852a6 -> 
  custom:scripting/monoscript/fileName/ResizeEditor.cs: f5ac5f7159efcb45f67046d57991e412 -> 
  custom:scripting/monoscript/fileName/DrawUtility.cs: 16075e4dcf16d29a7b1eef0eb831c180 -> 
  custom:scripting/monoscript/fileName/EditorHelper.cs: 802414b216c7b3a7cfcff844fd21ef5c -> 
  custom:scripting/monoscript/fileName/GA_FREE_DemoPlaySound.cs: 61290b7d7d9b5c8500646cb6bd9ee7e9 -> 
  custom:scripting/monoscript/fileName/MathHelper.cs: 2248815d0b94f0b0b0e41801034cf39e -> 
  custom:container-demuxer-ogg: 62fdf1f143b41e24485cea50d1cbac27 -> 
  custom:scripting/monoscript/fileName/Tool.cs: d99d07b302d3eca786b566121766866d -> 
  custom:scripting/monoscript/fileName/PolygonFactory.cs: f42651bffcf893273033c3a2ac310d8e -> 
  custom:scripting/monoscript/fileName/AdjacencyHelper.cs: cbb58aed00156fa4efb1aef7d3b6bea0 -> 
  custom:scripting/monoscript/fileName/GA_FREE_Demo04.cs: f516586c72139b2d9d66b68c3e795a5f -> 
  custom:scripting/monoscript/fileName/hardKey.cs: 9543932b728c0ce0215fdeeddb50b71e -> 
  custom:scripting/monoscript/fileName/SabreGUIHelper.cs: 5b91e1a6ff893a01ec342c0bff55841d -> 
  custom:scripting/monoscript/fileName/EditorKeyMappings.cs: c85e044b76c076ffe3f84d18363cb7bd -> 
  custom:scripting/monoscript/fileName/IDeepCopyable.cs: 24a9c3fd4d420c2d88d66e88cbbab34e -> 
  custom:scripting/monoscript/fileName/ResizeHandlePair.cs: bb5596cb5693d9b1da7155a4e640aa3f -> 
  custom:scripting/monoscript/fileName/SabreCSGResources.cs: 577bd8021937a51f10138d8e5a97790f -> 
  custom:scripting/monoscript/fileName/PaletteWindow.cs: 9d49e6388cb63fa0bacf9e892427de5e -> 
  custom:scripting/monoscript/fileName/KeyMappings.cs: 60ed2e8b61d9cf4d3c3493e14dd98a21 -> 
  custom:scripting/monoscript/fileName/Matrix2x2.cs: 57a626dc23392df1183de69680ccf70d -> 
  custom:scripting/monoscript/fileName/StairBrush.cs: 248e7e6d73f2e77dc917214660acc4c9 -> 
  custom:scripting/monoscript/fileName/SurfaceEditor.cs: ce15a5c90e0cfdbc114d44782d2d6b7c -> 
  custom:scripting/monoscript/fileName/BrushFactory.cs: 78ff3c577b2e24c5c30bef0131107e4f -> 
  custom:video-decoder-ogg-theora: a1e56fd34408186e4bbccfd4996cb3dc -> 
  custom:scripting/monoscript/fileName/BuildMetrics.cs: 2351a81bf49cb37cdff055c96baf4387 -> 
  custom:scripting/monoscript/fileName/EnumHelper.cs: e30f00076cc314407aea6ca1731a7177 -> 
  custom:framework-win-MediaFoundation: 216162199b28c13a410421893ffa2e32 -> 
  custom:scripting/monoscript/fileName/Optimizer.cs: 8418299fd4d5277fc4be9ece8378a75f -> 
  custom:scripting/monoscript/fileName/Pair.cs: 90647cc400823b41df847a6cbfc29026 -> 
  custom:scripting/monoscript/fileName/UI_Manager.cs: 98fe954eecef79af161772dc64f463a1 -> 
  custom:scripting/monoscript/fileName/SerializablePlane.cs: b1c23c971b1b2ac21bc237e77fc8ea56 -> 
  custom:scripting/monoscript/fileName/GA_FREE_OpenOtherScene.cs: 0074e0daa50a57d45bf1de021ea2ca80 -> 
  custom:scripting/monoscript/fileName/TransformData.cs: 467a67d135884afca83f00ad88dca913 -> 
  custom:scripting/monoscript/fileName/MeshHelper.cs: 092a43c879d1bf719886344e1d58bfb2 -> 
  custom:scripting/monoscript/fileName/ExpandPropertiesAttribute.cs.cs: a32920e1da23f5287f4f3dabd3fbf8c9 -> 
  custom:scripting/monoscript/fileName/CSGModelRuntime.cs: 34930eef9f3ced94ad73d8d6a78bab7f -> 
  custom:scripting/monoscript/fileName/BrushCache.cs: 1da282571ce00c7c6bd8f746fcd7fc4c -> 
  custom:CustomObjectIndexerAttribute: 756ad292c208cfabdd7b50bc23989ffe -> 
  custom:scripting/monoscript/fileName/RadialMenu.cs: bebb3b53f6edb32c779f6743f29b968b -> 
  custom:scripting/monoscript/fileName/StairBrushInspector.cs: 46877cde2432a1d7a0f1a7785c51e328 -> 
  custom:scripting/monoscript/fileName/hardInput.cs: fa7768f7377e6efd130556ed3f61ebe3 -> 
  custom:scripting/monoscript/fileName/SabreMouse.cs: 47a1ed8c86feaa39cdf29a0b4cc1ff94 -> 
  custom:scripting/monoscript/fileName/Edge.cs: 3b53275050f768999f2a9b6bf78b70a3 -> 
  custom:scripting/monoscript/fileName/GridManager.cs: 624eeb7f0518e77a45eea892db8b56c3 -> 
  custom:scripting/monoscript/fileName/CSGBuildContextInspector.cs: 935921959ac07755fc469f489c4d9c4d -> 
  custom:scripting/monoscript/fileName/WorldTransformData.cs: 6e716610d9bafadc1bf305a1b54b313d -> 
  custom:scripting/monoscript/fileName/hardUIEditor.cs: 279c88d9492ebb6fbbcd2db03a5dd326 -> 
  custom:container-demuxer-webm: 4f35f7cbe854078d1ac9338744f61a02 -> 
  custom:scripting/monoscript/fileName/UVUtility.cs: 793d55bcd4b6526a78fba3c4aaff448f -> 
  custom:scripting/monoscript/fileName/AdjacencyFilters.cs: bfbe6c9c2231ac4fe31ff70210a86c3d -> 
  custom:scripting/monoscript/fileName/StringHelper.cs: 5e4fd644c85614fcc54736f5d9c5f797 -> 
  custom:scripting/monoscript/fileName/GeometryHelper.cs: 8c71e73527306cb0e16c70e56c1d4d5d -> 
  custom:scripting/monoscript/fileName/Brush.cs: c99fac735f21d623774bd04e5715431d -> 
  custom:scripting/monoscript/fileName/CurrentSettings.cs: db004bd150b45dafadd24520f9a55108 -> 
  custom:scripting/monoscript/fileName/VertexColorWindow.cs: 62e4d9969fc933b71306eefade567ff8 -> 
  custom:scripting/monoscript/fileName/GE_ELF_Demo.cs: 9b665cae996ccffc82cbb86ddd399155 -> 
  custom:scripting/monoscript/fileName/BrushChunk.cs: 53adaffb6bcfd11ceb5174a049b9a075 -> 
  custom:scripting/monoscript/fileName/DrawEditor.cs: 87af62f5e222c514fd0f1972b246999e -> 
  custom:scripting/monoscript/fileName/hardInputEditor.cs: b16d387771c40e2a2699f45a412c3212 -> 
  custom:scripting/monoscript/fileName/TriangulationNode.cs: b15781c4da3d6f4eff9d00759d2d626d -> 
  custom:scripting/monoscript/fileName/Polygon.cs: fa0bc6a9f7015ceb96148cde310aa765 -> 
  custom:scripting/monoscript/fileName/CallbackEvents.cs: 07ff4e20b56e83243d9b8b5b7c1cbfd0 -> 
  custom:scripting/monoscript/fileName/NamedVerticalScope.cs: e075e77f88fc7626b271941abbd25b8d -> 
  custom:scripting/monoscript/fileName/GA_FREE_Demo08.cs: 9b02f848efa019ad3859272d3cb3c639 -> 
  custom:scripting/monoscript/fileName/SabreInput.cs: 09cd0f0501bc2e1d7e6f8d436324ae89 -> 
  custom:container-muxer-webm: aa71ff27fc2769a1b78a27578f13a17b -> 
  custom:scripting/monoscript/fileName/Extensions.cs: 609b2936a7818868a6622b01d4192ab6 -> 
  custom:scripting/monoscript/fileName/GA_FREE_Demo01.cs: d9432f12ef0ea531316da9c7ccfd1433 -> 
  custom:scripting/monoscript/fileName/VertexUtility.cs: ed8f73e0ee0d8b5f18cc8e4b39704641 -> 
  custom:scripting/monoscript/fileName/CompoundBrush.cs: 511d28b783b5746b74b578ded3982c9b -> 
  custom:video-decoder-webm-vp8: 9c59270c3fd7afecdb556c50c9e8de78 -> 
  custom:scripting/monoscript/fileName/CSGBuildContext.cs: 75ae3eb71e332d3a4b3b1df38ef8b149 -> 
  custom:scripting/monoscript/fileName/SabreGUILayout.cs: a36760524ea2242a5a161017107369b3 -> 
  custom:scripting/monoscript/fileName/GE_OrbitCamera.cs: 50b8a591226c2df5527d2fba2183d30e -> 
  custom:SearchIndexIgnoredProperties: e643bd26f0fe6173181afceb89e7c659 -> 
  custom:AudioImporter_EditorPlatform: d09bf68614088b80899f8185d706f6e7 -> 
  custom:scripting/monoscript/fileName/OBJFactory.cs: 40c8f697a798ff3b6350abd2073037db -> 
  custom:scripting/monoscript/fileName/CSGModel.cs: f7fd619baf2d2ef263d4b7a07a5c3021 -> 
  custom:scripting/monoscript/fileName/PolygonEntry.cs: da62652f35ad9049b0dd39c3a3b06cf9 -> 
  custom:scripting/monoscript/fileName/hardManager.cs: 357d7a78a1cd94da3ea074367c11345c -> 
  custom:scripting/monoscript/fileName/VertexWeldCentroidOperation.cs: 82131dfa9a0f3fa70b5b7bfb7c4de9ab -> 
  custom:scripting/monoscript/fileName/Toolbar.cs: b77afc810607ff5a834c0f8a13892731 -> 
  custom:scripting/monoscript/fileName/ColorHex.cs: a68727c8cb8b6fc1ba5954af295e60d1 -> 
  custom:scripting/monoscript/fileName/Vertex.cs: e859a2455af251e8ed38275a677d290a -> 
  custom:scripting/monoscript/fileName/CSGModelInspector.cs: 1bd83bbbdc84274a399d75af965d738e -> 
  custom:scripting/monoscript/fileName/ClipUtility.cs: c24e9bf900b7d337187cf5da4e54af75 -> 
  custom:scripting/monoscript/fileName/GA_FREE_Demo00.cs: ba92c7e4a885eb977459dddb65b3f83e -> 
  custom:scripting/monoscript/fileName/VertexWeldOperation.cs: 74b7cdbbad394c7e9c4ee1578ccdc0ac -> 
  custom:scripting/monoscript/fileName/CompoundBrushInspector.cs: bfe595c61d45a85dc31735f51f8e0b6d -> 
  custom:scripting/monoscript/fileName/KeyMappingsInspector.cs: 5806f3b07e8663006c75fe2c71e6b6b1 -> 
  custom:scripting/monoscript/fileName/Player_Move.cs: def0c1fd481e27cd5693e1a933de7bd4 -> 
  custom:scripting/monoscript/fileName/UpdateUtility.cs: afb4a0ae750c222fb3606703a4292f82 -> 
  custom:scripting/monoscript/fileName/GA_FREE_Demo07.cs: 4b85f0a13ff19867e91f5bf704e7387a -> 
  custom:scripting/monoscript/fileName/CSGFactory.cs: 26907061d725c7de222100f5a9e5bb33 -> 
  custom:scripting/monoscript/fileName/BrushBaseInspector.cs: e2489a4faa32eada5de9caed3236877e -> 
  custom:scripting/monoscript/fileName/PrimitiveBrushInspector.cs: 2960bd2ce89e7dc908d95319413bf393 -> 
  custom:scripting/monoscript/fileName/GA_FREE_Demo02.cs: 6999e4ce769bb622c7e49548adb31959 -> 
  custom:scripting/monoscript/fileName/CSGModelBase.cs: fdad1df20a34429350c1e0fef9b921e8 -> 
  custom:scripting/monoscript/fileName/ClipEditor.cs: 19e9650e4deb78a4dc0c3b1d3695e639 -> b9689a45d4e5e6a0d0d6bdd52e0ff022
  custom:scripting/monoscript/fileName/VertexList.cs: 58b9b7e555c67e7caac89f94d4f56cf3 -> 
  custom:scripting/monoscript/fileName/SurfaceUtility.cs: ba99baab0d0af8f74f79ae33327ba447 -> 
  custom:scripting/monoscript/fileName/MaterialPaletteWindow.cs: d12ca09a5c3938c74c903a83f150790f -> 
  custom:scripting/monoscript/fileName/GA_FREE_Demo06.cs: 96da9f591a9035966141185f157c005f -> 
  custom:video-encoder-webm-vp8: eb34c28f22e8b96e1ab97ce403110664 -> 
  custom:audio-decoder-ogg-vorbis: bf7c407c2cedff20999df2af8eb42d56 -> 
  custom:scripting/monoscript/fileName/GUIAnimatorFREEDemo.cs: 185a68b3decb3478f9c71c2f0d50582e -> 
  custom:scripting/monoscript/fileName/TransformModelEditor.cs: 3d7c3bdaf9074de8c6692aa964a7e14d -> 
  custom:scripting/monoscript/fileName/OBJVertexList.cs: 75077dd36a7fd69dab9fac60727f5f6a -> 
  custom:scripting/monoscript/fileName/CSGGrid.cs: 934e622167567c8a098fb521e75d2b09 -> 
  custom:scripting/monoscript/fileName/BrushUtility.cs: 61b5f383833a581411d71036f14f72dc -> 
  custom:scripting/monoscript/fileName/SabreCSGPreferences.cs: c9be5f17ab06d4cad728e391baf6c54d -> 
  custom:scripting/monoscript/fileName/IPostBuildListener.cs: 1cbfc043e8d4afa0fde28970b9027e65 -> 
  custom:scripting/monoscript/fileName/EdgeUtility.cs: 8224a55138536caf03b1fbbb1aee6c5b -> 
  custom:scripting/monoscript/fileName/MaterialMeshDictionary.cs: 628a58360d79b1613db572f92a52989c -> 
  custom:scripting/monoscript/fileName/UtilityShortcuts.cs: e1157b453b955c336c9ff2b1ca905fdb -> 
  custom:scripting/monoscript/fileName/Matrix3x2.cs: bf2e429a7850854b14f05e3248d2688c -> 
  custom:scripting/monoscript/fileName/ExpandPropertiesDrawer.cs: 80672f335c00078143e8470429e8616a -> 
  custom:scripting/monoscript/fileName/SabreGraphics.cs: e38fd002f4b7c92bff7da5028f2bbf83 -> 
  custom:scripting/monoscript/fileName/GE_OrbitCameraUI.cs: 6451ae2bfdae77c5950f3eb87e042dd8 -> 
  custom:scripting/monoscript/fileName/GE_ToggleFullScreenUI.cs: eaf0c027097a2d1de5e8682917e7d572 -> 
  custom:scripting/monoscript/fileName/MeshGroupManager.cs: 2f8cea4a44a930a5131f8a00b5d578e9 -> 
  custom:scripting/monoscript/fileName/VertexEditor.cs: 333d15320dc498b018a098613a92dad4 -> 
  custom:scripting/monoscript/fileName/PrimitiveBrush.cs: 0cf2ba84b9f286ca17fa19318b031eeb -> 
  custom:audio-encoder-webm-vorbis: bf7c407c2cedff20999df2af8eb42d56 -> 
  custom:scripting/monoscript/fileName/VertexWeldToleranceOperation.cs: 58a11b17966ff6c86b186246f5b2bcf4 -> 
  custom:scripting/monoscript/fileName/LinearFPSCam.cs: a68f33b5ee78e30c4f811f94a7bcbcce -> 
  custom:scripting/monoscript/fileName/GE_UIResponder.cs: ef6f9704965a9fa9bdd5102d97579eac -> 
  custom:scripting/monoscript/fileName/MeshExtensions.cs: e9a415830e110fbb2bbf896715f51711 -> 
  custom:scripting/monoscript/fileName/GA_FREE_Demo05.cs: 6e71b4be8d4c5fc1276711e979638a22 -> 
  custom:scripting/monoscript/fileName/Player_Look.cs: a78b4e5a3f76b9af830f3f9097135833 -> 
  custom:scripting/monoscript/fileName/BrushBuilder.cs: d745d2718c971386fd7f5e74cb3fcaa8 -> 
  custom:scripting/monoscript/fileName/CSGBuildSettings.cs: fa20d4ed1dc97f6ff92d88e989a76f34 -> 
  custom:scripting/monoscript/fileName/GA_FREE_Demo03.cs: e5f903020ceb704a4f67a19e34beed2f -> 
  custom:scripting/monoscript/fileName/BrushBase.cs: 7cd4e6d0e967ef1d5429af8638bd9f60 -> 
  custom:scripting/monoscript/fileName/TransformHelper.cs: 870b3fdd587c9be9a8520ce1bdf7c6b1 -> 
  custom:scripting/monoscript/fileName/hardInputUI.cs: 55aea73889c4f39b559a6f47ea006095 -> 
Editor requested this worker to shutdown with reason: Scaling down because of idle timeout
TcpMessagingSession - receive error: operation aborted. errorcode: 995, details: A operação de E/S foi anulada devido a uma saída de thread ou a uma requisição de aplicativo.
AssetImportWorker is now disconnected from the server
Process exiting
Exiting without the bug reporter. Application will terminate with return code 0