Using pre-set license
Built from '2022.3/staging' branch; Version is '2022.3.8f1 (b5eafc012955) revision 11922172'; Using compiler version '192829333'; Build Type 'Release'
OS: 'Windows 10  (10.0.19045) 64bit Professional' Language: 'pt' Physical Memory: 32719 MB
BatchMode: 1, IsHumanControllingUs: 0, StartBugReporterOnCrash: 0, Is64bit: 1, IsPro: 1

COMMAND LINE ARGUMENTS:
D:\Unity\2022.3.8f1\Editor\Unity.exe
-adb2
-batchMode
-noUpm
-name
AssetImportWorker2
-projectPath
D:/Projects/Pirate Project
-logFile
Logs/AssetImportWorker2.log
-srvPort
61984
Successfully changed project path to: D:/Projects/Pirate Project
D:/Projects/Pirate Project
[UnityMemory] Configuration Parameters - Can be set up in boot.config
    "memorysetup-bucket-allocator-granularity=16"
    "memorysetup-bucket-allocator-bucket-count=8"
    "memorysetup-bucket-allocator-block-size=33554432"
    "memorysetup-bucket-allocator-block-count=8"
    "memorysetup-main-allocator-block-size=16777216"
    "memorysetup-thread-allocator-block-size=16777216"
    "memorysetup-gfx-main-allocator-block-size=16777216"
    "memorysetup-gfx-thread-allocator-block-size=16777216"
    "memorysetup-cache-allocator-block-size=4194304"
    "memorysetup-typetree-allocator-block-size=2097152"
    "memorysetup-profiler-bucket-allocator-granularity=16"
    "memorysetup-profiler-bucket-allocator-bucket-count=8"
    "memorysetup-profiler-bucket-allocator-block-size=33554432"
    "memorysetup-profiler-bucket-allocator-block-count=8"
    "memorysetup-profiler-allocator-block-size=16777216"
    "memorysetup-profiler-editor-allocator-block-size=1048576"
    "memorysetup-temp-allocator-size-main=16777216"
    "memorysetup-job-temp-allocator-block-size=2097152"
    "memorysetup-job-temp-allocator-block-size-background=1048576"
    "memorysetup-job-temp-allocator-reduction-small-platforms=262144"
    "memorysetup-allocator-temp-initial-block-size-main=262144"
    "memorysetup-allocator-temp-initial-block-size-worker=262144"
    "memorysetup-temp-allocator-size-background-worker=32768"
    "memorysetup-temp-allocator-size-job-worker=262144"
    "memorysetup-temp-allocator-size-preload-manager=33554432"
    "memorysetup-temp-allocator-size-nav-mesh-worker=65536"
    "memorysetup-temp-allocator-size-audio-worker=65536"
    "memorysetup-temp-allocator-size-cloud-worker=32768"
    "memorysetup-temp-allocator-size-gi-baking-worker=262144"
    "memorysetup-temp-allocator-size-gfx=262144"
Player connection [27476] Host "[IP] 192.168.1.104 [Port] 0 [Flags] 2 [Guid] 3809254514 [EditorId] 3809254514 [Version] 1048832 [Id] WindowsEditor(7,DESKTOP-ONCK01R) [Debug] 1 [PackageName] WindowsEditor [ProjectName] Editor" joined multi-casting on [225.0.0.222:54997]...

Player connection [27476] Host "[IP] 192.168.1.104 [Port] 0 [Flags] 2 [Guid] 3809254514 [EditorId] 3809254514 [Version] 1048832 [Id] WindowsEditor(7,DESKTOP-ONCK01R) [Debug] 1 [PackageName] WindowsEditor [ProjectName] Editor" joined alternative multi-casting on [225.0.0.222:34997]...

[Physics::Module] Initialized MultithreadedJobDispatcher with 11 workers.
Refreshing native plugins compatible for Editor in 10.77 ms, found 3 plugins.
Preloading 0 native plugins for Editor in 0.00 ms.
Initialize engine version: 2022.3.8f1 (b5eafc012955)
[Subsystems] Discovering subsystems at path D:/Unity/2022.3.8f1/Editor/Data/Resources/UnitySubsystems
[Subsystems] Discovering subsystems at path D:/Projects/Pirate Project/Assets
GfxDevice: creating device client; threaded=0; jobified=0
Direct3D:
    Version:  Direct3D 11.0 [level 11.1]
    Renderer: NVIDIA GeForce GTX 1060 6GB (ID=0x1c03)
    Vendor:   NVIDIA
    VRAM:     6043 MB
    Driver:   31.0.15.3623
Initialize mono
Mono path[0] = 'D:/Unity/2022.3.8f1/Editor/Data/Managed'
Mono path[1] = 'D:/Unity/2022.3.8f1/Editor/Data/MonoBleedingEdge/lib/mono/unityjit-win32'
Mono config path = 'D:/Unity/2022.3.8f1/Editor/Data/MonoBleedingEdge/etc'
Using monoOptions --debugger-agent=transport=dt_socket,embedding=1,server=y,suspend=n,address=127.0.0.1:56676
Begin MonoManager ReloadAssembly
Registering precompiled unity dll's ...
Register platform support module: D:/Unity/2022.3.8f1/Editor/Data/PlaybackEngines/WindowsStandaloneSupport/UnityEditor.WindowsStandalone.Extensions.dll
Registered in 0.005287 seconds.
- Loaded All Assemblies, in  0.450 seconds
Native extension for WindowsStandalone target not found
Mono: successfully reloaded assembly
- Finished resetting the current domain, in  0.351 seconds
Domain Reload Profiling: 801ms
	BeginReloadAssembly (134ms)
		ExecutionOrderSort (0ms)
		DisableScriptedObjects (0ms)
		BackupInstance (0ms)
		ReleaseScriptingObjects (0ms)
		CreateAndSetChildDomain (1ms)
	RebuildCommonClasses (46ms)
	RebuildNativeTypeToScriptingClass (15ms)
	initialDomainReloadingComplete (64ms)
	LoadAllAssembliesAndSetupDomain (191ms)
		LoadAssemblies (133ms)
		RebuildTransferFunctionScriptingTraits (0ms)
		AnalyzeDomain (189ms)
			TypeCache.Refresh (188ms)
				TypeCache.ScanAssembly (172ms)
			ScanForSourceGeneratedMonoScriptInfo (0ms)
			ResolveRequiredComponents (1ms)
	FinalizeReload (352ms)
		ReleaseScriptCaches (0ms)
		RebuildScriptCaches (0ms)
		SetupLoadedEditorAssemblies (272ms)
			LogAssemblyErrors (0ms)
			InitializePlatformSupportModulesInManaged (11ms)
			SetLoadedEditorAssemblies (10ms)
			RefreshPlugins (0ms)
			BeforeProcessingInitializeOnLoad (3ms)
			ProcessInitializeOnLoadAttributes (171ms)
			ProcessInitializeOnLoadMethodAttributes (77ms)
			AfterProcessingInitializeOnLoad (0ms)
			EditorAssembliesLoaded (0ms)
		ExecutionOrderSort2 (0ms)
		AwakeInstancesAfterBackupRestoration (0ms)
========================================================================
Worker process is ready to serve import requests
Begin MonoManager ReloadAssembly
- Loaded All Assemblies, in  0.774 seconds
Refreshing native plugins compatible for Editor in 3.35 ms, found 3 plugins.
Native extension for WindowsStandalone target not found
Package Manager log level set to [2]
[Package Manager] Server::EnsureServerProcessIsRunning -- launch failed, reason: Unity was launched with the -noUpm command-line argument
[Package Manager] UpmClient::Send -- Unable to send message (not connected to UPM process).
[Package Manager] Cannot connect to Unity Package Manager local server
Mono: successfully reloaded assembly
- Finished resetting the current domain, in  0.846 seconds
Domain Reload Profiling: 1620ms
	BeginReloadAssembly (184ms)
		ExecutionOrderSort (0ms)
		DisableScriptedObjects (8ms)
		BackupInstance (0ms)
		ReleaseScriptingObjects (0ms)
		CreateAndSetChildDomain (26ms)
	RebuildCommonClasses (44ms)
	RebuildNativeTypeToScriptingClass (15ms)
	initialDomainReloadingComplete (53ms)
	LoadAllAssembliesAndSetupDomain (478ms)
		LoadAssemblies (335ms)
		RebuildTransferFunctionScriptingTraits (0ms)
		AnalyzeDomain (249ms)
			TypeCache.Refresh (220ms)
				TypeCache.ScanAssembly (188ms)
			ScanForSourceGeneratedMonoScriptInfo (21ms)
			ResolveRequiredComponents (6ms)
	FinalizeReload (846ms)
		ReleaseScriptCaches (0ms)
		RebuildScriptCaches (0ms)
		SetupLoadedEditorAssemblies (651ms)
			LogAssemblyErrors (0ms)
			InitializePlatformSupportModulesInManaged (6ms)
			SetLoadedEditorAssemblies (5ms)
			RefreshPlugins (0ms)
			BeforeProcessingInitializeOnLoad (74ms)
			ProcessInitializeOnLoadAttributes (536ms)
			ProcessInitializeOnLoadMethodAttributes (26ms)
			AfterProcessingInitializeOnLoad (4ms)
			EditorAssembliesLoaded (0ms)
		ExecutionOrderSort2 (0ms)
		AwakeInstancesAfterBackupRestoration (8ms)
Launched and connected shader compiler UnityShaderCompiler.exe after 0.13 seconds
Refreshing native plugins compatible for Editor in 3.21 ms, found 3 plugins.
Preloading 0 native plugins for Editor in 0.00 ms.
Unloading 3620 Unused Serialized files (Serialized files now loaded: 0)
Unloading 43 unused Assets / (56.9 KB). Loaded Objects now: 4093.
Memory consumption went from 128.8 MB to 128.7 MB.
Total: 4.008400 ms (FindLiveObjects: 0.362900 ms CreateObjectMapping: 0.106500 ms MarkObjects: 3.412000 ms  DeleteObjects: 0.125700 ms)

AssetImportParameters requested are different than current active one (requested -> active):
  custom:container-demuxer-ogg: 62fdf1f143b41e24485cea50d1cbac27 -> 
  custom:video-decoder-ogg-theora: a1e56fd34408186e4bbccfd4996cb3dc -> 
  custom:framework-win-MediaFoundation: 216162199b28c13a410421893ffa2e32 -> 
  custom:CustomObjectIndexerAttribute: 756ad292c208cfabdd7b50bc23989ffe -> 
  custom:container-demuxer-webm: 4f35f7cbe854078d1ac9338744f61a02 -> 
  custom:container-muxer-webm: aa71ff27fc2769a1b78a27578f13a17b -> 
  custom:video-decoder-webm-vp8: 9c59270c3fd7afecdb556c50c9e8de78 -> 
  custom:SearchIndexIgnoredProperties: e643bd26f0fe6173181afceb89e7c659 -> 
  custom:AudioImporter_EditorPlatform: d09bf68614088b80899f8185d706f6e7 -> 
  custom:video-encoder-webm-vp8: eb34c28f22e8b96e1ab97ce403110664 -> 
  custom:audio-decoder-ogg-vorbis: bf7c407c2cedff20999df2af8eb42d56 -> 
  custom:audio-encoder-webm-vorbis: bf7c407c2cedff20999df2af8eb42d56 -> 
========================================================================
Received Prepare
Begin MonoManager ReloadAssembly
- Loaded All Assemblies, in  0.788 seconds
Refreshing native plugins compatible for Editor in 3.20 ms, found 3 plugins.
Native extension for WindowsStandalone target not found
[Package Manager] Server::EnsureServerProcessIsRunning -- launch failed, reason: Unity was launched with the -noUpm command-line argument
[Package Manager] UpmClient::Send -- Unable to send message (not connected to UPM process).
[Package Manager] Cannot connect to Unity Package Manager local server
Mono: successfully reloaded assembly
- Finished resetting the current domain, in  1.217 seconds
Domain Reload Profiling: 2004ms
	BeginReloadAssembly (261ms)
		ExecutionOrderSort (0ms)
		DisableScriptedObjects (10ms)
		BackupInstance (0ms)
		ReleaseScriptingObjects (0ms)
		CreateAndSetChildDomain (46ms)
	RebuildCommonClasses (66ms)
	RebuildNativeTypeToScriptingClass (22ms)
	initialDomainReloadingComplete (37ms)
	LoadAllAssembliesAndSetupDomain (400ms)
		LoadAssemblies (432ms)
		RebuildTransferFunctionScriptingTraits (0ms)
		AnalyzeDomain (130ms)
			TypeCache.Refresh (107ms)
				TypeCache.ScanAssembly (93ms)
			ScanForSourceGeneratedMonoScriptInfo (16ms)
			ResolveRequiredComponents (6ms)
	FinalizeReload (1218ms)
		ReleaseScriptCaches (0ms)
		RebuildScriptCaches (0ms)
		SetupLoadedEditorAssemblies (601ms)
			LogAssemblyErrors (0ms)
			InitializePlatformSupportModulesInManaged (9ms)
			SetLoadedEditorAssemblies (7ms)
			RefreshPlugins (0ms)
			BeforeProcessingInitializeOnLoad (84ms)
			ProcessInitializeOnLoadAttributes (471ms)
			ProcessInitializeOnLoadMethodAttributes (27ms)
			AfterProcessingInitializeOnLoad (4ms)
			EditorAssembliesLoaded (0ms)
		ExecutionOrderSort2 (0ms)
		AwakeInstancesAfterBackupRestoration (8ms)
Refreshing native plugins compatible for Editor in 4.28 ms, found 3 plugins.
Preloading 0 native plugins for Editor in 0.00 ms.
Unloading 3484 Unused Serialized files (Serialized files now loaded: 0)
Unloading 140 unused Assets / (89.5 KB). Loaded Objects now: 3982.
Memory consumption went from 124.1 MB to 124.0 MB.
Total: 4.402900 ms (FindLiveObjects: 0.381600 ms CreateObjectMapping: 0.121100 ms MarkObjects: 3.684300 ms  DeleteObjects: 0.214200 ms)

Prepare: number of updated asset objects reloaded= 1
AssetImportParameters requested are different than current active one (requested -> active):
  custom:container-demuxer-ogg: 62fdf1f143b41e24485cea50d1cbac27 -> 
  custom:video-decoder-ogg-theora: a1e56fd34408186e4bbccfd4996cb3dc -> 
  custom:framework-win-MediaFoundation: 216162199b28c13a410421893ffa2e32 -> 
  custom:CustomObjectIndexerAttribute: 756ad292c208cfabdd7b50bc23989ffe -> 
  custom:container-demuxer-webm: 4f35f7cbe854078d1ac9338744f61a02 -> 
  custom:container-muxer-webm: aa71ff27fc2769a1b78a27578f13a17b -> 
  custom:video-decoder-webm-vp8: 9c59270c3fd7afecdb556c50c9e8de78 -> 
  custom:SearchIndexIgnoredProperties: e643bd26f0fe6173181afceb89e7c659 -> 
  custom:AudioImporter_EditorPlatform: d09bf68614088b80899f8185d706f6e7 -> 
  custom:video-encoder-webm-vp8: eb34c28f22e8b96e1ab97ce403110664 -> 
  custom:audio-decoder-ogg-vorbis: bf7c407c2cedff20999df2af8eb42d56 -> 
  custom:audio-encoder-webm-vorbis: bf7c407c2cedff20999df2af8eb42d56 -> 
========================================================================
Received Import Request.
  Time since last request: 214415.440560 seconds.
  path: Assets/Prefabs/Enemy.prefab
  artifactKey: Guid(1ac4bc6df2d277f41b5696918ac73d70) Importer(815301076,1909f56bfc062723c751e8b465ee728b)
Start importing Assets/Prefabs/Enemy.prefab using Guid(1ac4bc6df2d277f41b5696918ac73d70) Importer(815301076,1909f56bfc062723c751e8b465ee728b)  -> (artifact id: 'cd2dd91060f4e532e4da75452dbefb96') in 0.150483 seconds
Number of updated asset objects reloaded before import = 0
Number of asset objects unloaded after import = 12
========================================================================
Received Prepare
Begin MonoManager ReloadAssembly
- Loaded All Assemblies, in  0.559 seconds
Refreshing native plugins compatible for Editor in 3.27 ms, found 3 plugins.
Native extension for WindowsStandalone target not found
[Package Manager] Server::EnsureServerProcessIsRunning -- launch failed, reason: Unity was launched with the -noUpm command-line argument
[Package Manager] UpmClient::Send -- Unable to send message (not connected to UPM process).
[Package Manager] Cannot connect to Unity Package Manager local server
Mono: successfully reloaded assembly
- Finished resetting the current domain, in  1.169 seconds
Domain Reload Profiling: 1727ms
	BeginReloadAssembly (212ms)
		ExecutionOrderSort (0ms)
		DisableScriptedObjects (9ms)
		BackupInstance (0ms)
		ReleaseScriptingObjects (0ms)
		CreateAndSetChildDomain (45ms)
	RebuildCommonClasses (47ms)
	RebuildNativeTypeToScriptingClass (16ms)
	initialDomainReloadingComplete (36ms)
	LoadAllAssembliesAndSetupDomain (247ms)
		LoadAssemblies (347ms)
		RebuildTransferFunctionScriptingTraits (0ms)
		AnalyzeDomain (15ms)
			TypeCache.Refresh (7ms)
				TypeCache.ScanAssembly (0ms)
			ScanForSourceGeneratedMonoScriptInfo (0ms)
			ResolveRequiredComponents (6ms)
	FinalizeReload (1169ms)
		ReleaseScriptCaches (0ms)
		RebuildScriptCaches (0ms)
		SetupLoadedEditorAssemblies (579ms)
			LogAssemblyErrors (0ms)
			InitializePlatformSupportModulesInManaged (6ms)
			SetLoadedEditorAssemblies (4ms)
			RefreshPlugins (0ms)
			BeforeProcessingInitializeOnLoad (76ms)
			ProcessInitializeOnLoadAttributes (458ms)
			ProcessInitializeOnLoadMethodAttributes (31ms)
			AfterProcessingInitializeOnLoad (5ms)
			EditorAssembliesLoaded (0ms)
		ExecutionOrderSort2 (0ms)
		AwakeInstancesAfterBackupRestoration (12ms)
Refreshing native plugins compatible for Editor in 3.47 ms, found 3 plugins.
Preloading 0 native plugins for Editor in 0.00 ms.
Unloading 3483 Unused Serialized files (Serialized files now loaded: 0)
Unloading 27 unused Assets / (81.4 KB). Loaded Objects now: 3991.
Memory consumption went from 126.7 MB to 126.6 MB.
Total: 4.900900 ms (FindLiveObjects: 0.471000 ms CreateObjectMapping: 0.231500 ms MarkObjects: 4.059200 ms  DeleteObjects: 0.137400 ms)

Prepare: number of updated asset objects reloaded= 0
AssetImportParameters requested are different than current active one (requested -> active):
  custom:container-demuxer-ogg: 62fdf1f143b41e24485cea50d1cbac27 -> 
  custom:video-decoder-ogg-theora: a1e56fd34408186e4bbccfd4996cb3dc -> 
  custom:framework-win-MediaFoundation: 216162199b28c13a410421893ffa2e32 -> 
  custom:CustomObjectIndexerAttribute: 756ad292c208cfabdd7b50bc23989ffe -> 
  custom:container-demuxer-webm: 4f35f7cbe854078d1ac9338744f61a02 -> 
  custom:container-muxer-webm: aa71ff27fc2769a1b78a27578f13a17b -> 
  custom:video-decoder-webm-vp8: 9c59270c3fd7afecdb556c50c9e8de78 -> 
  custom:SearchIndexIgnoredProperties: e643bd26f0fe6173181afceb89e7c659 -> 
  custom:AudioImporter_EditorPlatform: d09bf68614088b80899f8185d706f6e7 -> 
  custom:video-encoder-webm-vp8: eb34c28f22e8b96e1ab97ce403110664 -> 
  custom:audio-decoder-ogg-vorbis: bf7c407c2cedff20999df2af8eb42d56 -> 
  custom:audio-encoder-webm-vorbis: bf7c407c2cedff20999df2af8eb42d56 -> 
========================================================================
Received Import Request.
  Time since last request: 118.653121 seconds.
  path: Assets/Prefabs/Enemy.prefab
  artifactKey: Guid(1ac4bc6df2d277f41b5696918ac73d70) Importer(815301076,1909f56bfc062723c751e8b465ee728b)
Start importing Assets/Prefabs/Enemy.prefab using Guid(1ac4bc6df2d277f41b5696918ac73d70) Importer(815301076,1909f56bfc062723c751e8b465ee728b)  -> (artifact id: '936f7d1ebdca9b1d92fc0c35e488efff') in 0.086641 seconds
Number of updated asset objects reloaded before import = 0
Number of asset objects unloaded after import = 13
========================================================================
Received Import Request.
  Time since last request: 2.407411 seconds.
  path: Assets/Prefabs/Enemy.prefab
  artifactKey: Guid(1ac4bc6df2d277f41b5696918ac73d70) Importer(815301076,1909f56bfc062723c751e8b465ee728b)
Start importing Assets/Prefabs/Enemy.prefab using Guid(1ac4bc6df2d277f41b5696918ac73d70) Importer(815301076,1909f56bfc062723c751e8b465ee728b)  -> (artifact id: '8c02d7ba1c9bdbdd7e14ae2ba3bf2070') in 0.007904 seconds
Number of updated asset objects reloaded before import = 0
Number of asset objects unloaded after import = 13
========================================================================
Received Import Request.
  Time since last request: 2.796280 seconds.
  path: Assets/Prefabs/Enemy.prefab
  artifactKey: Guid(1ac4bc6df2d277f41b5696918ac73d70) Importer(815301076,1909f56bfc062723c751e8b465ee728b)
Start importing Assets/Prefabs/Enemy.prefab using Guid(1ac4bc6df2d277f41b5696918ac73d70) Importer(815301076,1909f56bfc062723c751e8b465ee728b)  -> (artifact id: '27e9e00244d5dfce459d9fefc7b81cd5') in 0.007842 seconds
Number of updated asset objects reloaded before import = 0
Number of asset objects unloaded after import = 13
========================================================================
Received Import Request.
  Time since last request: 4.640761 seconds.
  path: Assets/Prefabs/Enemy.prefab
  artifactKey: Guid(1ac4bc6df2d277f41b5696918ac73d70) Importer(815301076,1909f56bfc062723c751e8b465ee728b)
Start importing Assets/Prefabs/Enemy.prefab using Guid(1ac4bc6df2d277f41b5696918ac73d70) Importer(815301076,1909f56bfc062723c751e8b465ee728b)  -> (artifact id: 'd11a965741acb2c11be61a7be04dfd4b') in 0.008124 seconds
Number of updated asset objects reloaded before import = 0
Number of asset objects unloaded after import = 13
========================================================================
Received Import Request.
  Time since last request: 17.622512 seconds.
  path: Assets/Prefabs/Enemy.prefab
  artifactKey: Guid(1ac4bc6df2d277f41b5696918ac73d70) Importer(815301076,1909f56bfc062723c751e8b465ee728b)
Start importing Assets/Prefabs/Enemy.prefab using Guid(1ac4bc6df2d277f41b5696918ac73d70) Importer(815301076,1909f56bfc062723c751e8b465ee728b)  -> (artifact id: '33eb58b08242bc492bb572cfba7135c9') in 0.008043 seconds
Number of updated asset objects reloaded before import = 0
Number of asset objects unloaded after import = 13
========================================================================
Received Import Request.
  Time since last request: 2.832301 seconds.
  path: Assets/Prefabs/Enemy.prefab
  artifactKey: Guid(1ac4bc6df2d277f41b5696918ac73d70) Importer(815301076,1909f56bfc062723c751e8b465ee728b)
Start importing Assets/Prefabs/Enemy.prefab using Guid(1ac4bc6df2d277f41b5696918ac73d70) Importer(815301076,1909f56bfc062723c751e8b465ee728b)  -> (artifact id: '46b9d8c44e3163d191ce8d1db89898b2') in 0.008146 seconds
Number of updated asset objects reloaded before import = 0
Number of asset objects unloaded after import = 13
========================================================================
Received Import Request.
  Time since last request: 1.583256 seconds.
  path: Assets/Prefabs/Enemy.prefab
  artifactKey: Guid(1ac4bc6df2d277f41b5696918ac73d70) Importer(815301076,1909f56bfc062723c751e8b465ee728b)
Start importing Assets/Prefabs/Enemy.prefab using Guid(1ac4bc6df2d277f41b5696918ac73d70) Importer(815301076,1909f56bfc062723c751e8b465ee728b)  -> (artifact id: '1dfd68617fcfd5e3118ddc54fad89a69') in 0.007799 seconds
Number of updated asset objects reloaded before import = 0
Number of asset objects unloaded after import = 13
========================================================================
Received Import Request.
  Time since last request: 2.786433 seconds.
  path: Assets/Prefabs/Enemy.prefab
  artifactKey: Guid(1ac4bc6df2d277f41b5696918ac73d70) Importer(815301076,1909f56bfc062723c751e8b465ee728b)
Start importing Assets/Prefabs/Enemy.prefab using Guid(1ac4bc6df2d277f41b5696918ac73d70) Importer(815301076,1909f56bfc062723c751e8b465ee728b)  -> (artifact id: 'cbbd97067ea513938fa1f359a7e1d79c') in 0.015088 seconds
Number of updated asset objects reloaded before import = 0
Number of asset objects unloaded after import = 13
========================================================================
Received Prepare
Begin MonoManager ReloadAssembly
- Loaded All Assemblies, in  0.516 seconds
Refreshing native plugins compatible for Editor in 4.58 ms, found 3 plugins.
Native extension for WindowsStandalone target not found
[Package Manager] Server::EnsureServerProcessIsRunning -- launch failed, reason: Unity was launched with the -noUpm command-line argument
[Package Manager] UpmClient::Send -- Unable to send message (not connected to UPM process).
[Package Manager] Cannot connect to Unity Package Manager local server
Mono: successfully reloaded assembly
- Finished resetting the current domain, in  1.148 seconds
Domain Reload Profiling: 1664ms
	BeginReloadAssembly (191ms)
		ExecutionOrderSort (0ms)
		DisableScriptedObjects (7ms)
		BackupInstance (0ms)
		ReleaseScriptingObjects (0ms)
		CreateAndSetChildDomain (41ms)
	RebuildCommonClasses (45ms)
	RebuildNativeTypeToScriptingClass (16ms)
	initialDomainReloadingComplete (31ms)
	LoadAllAssembliesAndSetupDomain (232ms)
		LoadAssemblies (323ms)
		RebuildTransferFunctionScriptingTraits (0ms)
		AnalyzeDomain (14ms)
			TypeCache.Refresh (6ms)
				TypeCache.ScanAssembly (0ms)
			ScanForSourceGeneratedMonoScriptInfo (0ms)
			ResolveRequiredComponents (6ms)
	FinalizeReload (1148ms)
		ReleaseScriptCaches (0ms)
		RebuildScriptCaches (0ms)
		SetupLoadedEditorAssemblies (567ms)
			LogAssemblyErrors (0ms)
			InitializePlatformSupportModulesInManaged (6ms)
			SetLoadedEditorAssemblies (4ms)
			RefreshPlugins (0ms)
			BeforeProcessingInitializeOnLoad (76ms)
			ProcessInitializeOnLoadAttributes (450ms)
			ProcessInitializeOnLoadMethodAttributes (26ms)
			AfterProcessingInitializeOnLoad (5ms)
			EditorAssembliesLoaded (0ms)
		ExecutionOrderSort2 (0ms)
		AwakeInstancesAfterBackupRestoration (9ms)
Refreshing native plugins compatible for Editor in 4.20 ms, found 3 plugins.
Preloading 0 native plugins for Editor in 0.00 ms.
Unloading 3483 Unused Serialized files (Serialized files now loaded: 0)
Unloading 26 unused Assets / (31.2 KB). Loaded Objects now: 3994.
Memory consumption went from 126.6 MB to 126.6 MB.
Total: 4.670800 ms (FindLiveObjects: 0.430500 ms CreateObjectMapping: 0.132500 ms MarkObjects: 4.032700 ms  DeleteObjects: 0.073200 ms)

Prepare: number of updated asset objects reloaded= 0
AssetImportParameters requested are different than current active one (requested -> active):
  custom:container-demuxer-ogg: 62fdf1f143b41e24485cea50d1cbac27 -> 
  custom:video-decoder-ogg-theora: a1e56fd34408186e4bbccfd4996cb3dc -> 
  custom:framework-win-MediaFoundation: 216162199b28c13a410421893ffa2e32 -> 
  custom:CustomObjectIndexerAttribute: 756ad292c208cfabdd7b50bc23989ffe -> 
  custom:container-demuxer-webm: 4f35f7cbe854078d1ac9338744f61a02 -> 
  custom:container-muxer-webm: aa71ff27fc2769a1b78a27578f13a17b -> 
  custom:video-decoder-webm-vp8: 9c59270c3fd7afecdb556c50c9e8de78 -> 
  custom:SearchIndexIgnoredProperties: e643bd26f0fe6173181afceb89e7c659 -> 
  custom:AudioImporter_EditorPlatform: d09bf68614088b80899f8185d706f6e7 -> 
  custom:video-encoder-webm-vp8: eb34c28f22e8b96e1ab97ce403110664 -> 
  custom:audio-decoder-ogg-vorbis: bf7c407c2cedff20999df2af8eb42d56 -> 
  custom:audio-encoder-webm-vorbis: bf7c407c2cedff20999df2af8eb42d56 -> 
========================================================================
Received Import Request.
  Time since last request: 100.795177 seconds.
  path: Assets/Prefabs/Enemy.prefab
  artifactKey: Guid(1ac4bc6df2d277f41b5696918ac73d70) Importer(815301076,1909f56bfc062723c751e8b465ee728b)
Start importing Assets/Prefabs/Enemy.prefab using Guid(1ac4bc6df2d277f41b5696918ac73d70) Importer(815301076,1909f56bfc062723c751e8b465ee728b)  -> (artifact id: 'b0647e08f62f8a14fd6b2340b0782057') in 0.082559 seconds
Number of updated asset objects reloaded before import = 0
Number of asset objects unloaded after import = 13
========================================================================
Received Prepare
Begin MonoManager ReloadAssembly
- Loaded All Assemblies, in  0.518 seconds
Refreshing native plugins compatible for Editor in 4.77 ms, found 3 plugins.
Native extension for WindowsStandalone target not found
[Package Manager] Server::EnsureServerProcessIsRunning -- launch failed, reason: Unity was launched with the -noUpm command-line argument
[Package Manager] UpmClient::Send -- Unable to send message (not connected to UPM process).
[Package Manager] Cannot connect to Unity Package Manager local server
Mono: successfully reloaded assembly
- Finished resetting the current domain, in  1.178 seconds
Domain Reload Profiling: 1695ms
	BeginReloadAssembly (188ms)
		ExecutionOrderSort (0ms)
		DisableScriptedObjects (7ms)
		BackupInstance (0ms)
		ReleaseScriptingObjects (0ms)
		CreateAndSetChildDomain (40ms)
	RebuildCommonClasses (43ms)
	RebuildNativeTypeToScriptingClass (15ms)
	initialDomainReloadingComplete (37ms)
	LoadAllAssembliesAndSetupDomain (233ms)
		LoadAssemblies (324ms)
		RebuildTransferFunctionScriptingTraits (0ms)
		AnalyzeDomain (15ms)
			TypeCache.Refresh (6ms)
				TypeCache.ScanAssembly (0ms)
			ScanForSourceGeneratedMonoScriptInfo (0ms)
			ResolveRequiredComponents (6ms)
	FinalizeReload (1178ms)
		ReleaseScriptCaches (0ms)
		RebuildScriptCaches (0ms)
		SetupLoadedEditorAssemblies (589ms)
			LogAssemblyErrors (0ms)
			InitializePlatformSupportModulesInManaged (7ms)
			SetLoadedEditorAssemblies (5ms)
			RefreshPlugins (0ms)
			BeforeProcessingInitializeOnLoad (79ms)
			ProcessInitializeOnLoadAttributes (467ms)
			ProcessInitializeOnLoadMethodAttributes (26ms)
			AfterProcessingInitializeOnLoad (4ms)
			EditorAssembliesLoaded (0ms)
		ExecutionOrderSort2 (0ms)
		AwakeInstancesAfterBackupRestoration (11ms)
Refreshing native plugins compatible for Editor in 3.27 ms, found 3 plugins.
Preloading 0 native plugins for Editor in 0.00 ms.
Unloading 3483 Unused Serialized files (Serialized files now loaded: 0)
Unloading 26 unused Assets / (31.3 KB). Loaded Objects now: 3997.
Memory consumption went from 126.6 MB to 126.6 MB.
Total: 4.208800 ms (FindLiveObjects: 0.392300 ms CreateObjectMapping: 0.120600 ms MarkObjects: 3.623100 ms  DeleteObjects: 0.071500 ms)

Prepare: number of updated asset objects reloaded= 0
AssetImportParameters requested are different than current active one (requested -> active):
  custom:container-demuxer-ogg: 62fdf1f143b41e24485cea50d1cbac27 -> 
  custom:video-decoder-ogg-theora: a1e56fd34408186e4bbccfd4996cb3dc -> 
  custom:framework-win-MediaFoundation: 216162199b28c13a410421893ffa2e32 -> 
  custom:CustomObjectIndexerAttribute: 756ad292c208cfabdd7b50bc23989ffe -> 
  custom:container-demuxer-webm: 4f35f7cbe854078d1ac9338744f61a02 -> 
  custom:container-muxer-webm: aa71ff27fc2769a1b78a27578f13a17b -> 
  custom:video-decoder-webm-vp8: 9c59270c3fd7afecdb556c50c9e8de78 -> 
  custom:SearchIndexIgnoredProperties: e643bd26f0fe6173181afceb89e7c659 -> 
  custom:AudioImporter_EditorPlatform: d09bf68614088b80899f8185d706f6e7 -> 
  custom:video-encoder-webm-vp8: eb34c28f22e8b96e1ab97ce403110664 -> 
  custom:audio-decoder-ogg-vorbis: bf7c407c2cedff20999df2af8eb42d56 -> 
  custom:audio-encoder-webm-vorbis: bf7c407c2cedff20999df2af8eb42d56 -> 
========================================================================
Received Prepare
Begin MonoManager ReloadAssembly
- Loaded All Assemblies, in  0.554 seconds
Refreshing native plugins compatible for Editor in 4.81 ms, found 3 plugins.
Native extension for WindowsStandalone target not found
[Package Manager] Server::EnsureServerProcessIsRunning -- launch failed, reason: Unity was launched with the -noUpm command-line argument
[Package Manager] UpmClient::Send -- Unable to send message (not connected to UPM process).
[Package Manager] Cannot connect to Unity Package Manager local server
Mono: successfully reloaded assembly
- Finished resetting the current domain, in  1.156 seconds
Domain Reload Profiling: 1710ms
	BeginReloadAssembly (207ms)
		ExecutionOrderSort (0ms)
		DisableScriptedObjects (8ms)
		BackupInstance (0ms)
		ReleaseScriptingObjects (0ms)
		CreateAndSetChildDomain (39ms)
	RebuildCommonClasses (57ms)
	RebuildNativeTypeToScriptingClass (16ms)
	initialDomainReloadingComplete (34ms)
	LoadAllAssembliesAndSetupDomain (239ms)
		LoadAssemblies (342ms)
		RebuildTransferFunctionScriptingTraits (0ms)
		AnalyzeDomain (17ms)
			TypeCache.Refresh (6ms)
				TypeCache.ScanAssembly (0ms)
			ScanForSourceGeneratedMonoScriptInfo (0ms)
			ResolveRequiredComponents (8ms)
	FinalizeReload (1156ms)
		ReleaseScriptCaches (0ms)
		RebuildScriptCaches (0ms)
		SetupLoadedEditorAssemblies (564ms)
			LogAssemblyErrors (0ms)
			InitializePlatformSupportModulesInManaged (6ms)
			SetLoadedEditorAssemblies (4ms)
			RefreshPlugins (0ms)
			BeforeProcessingInitializeOnLoad (77ms)
			ProcessInitializeOnLoadAttributes (446ms)
			ProcessInitializeOnLoadMethodAttributes (24ms)
			AfterProcessingInitializeOnLoad (5ms)
			EditorAssembliesLoaded (0ms)
		ExecutionOrderSort2 (0ms)
		AwakeInstancesAfterBackupRestoration (8ms)
Refreshing native plugins compatible for Editor in 3.79 ms, found 3 plugins.
Preloading 0 native plugins for Editor in 0.00 ms.
Unloading 3484 Unused Serialized files (Serialized files now loaded: 0)
Unloading 26 unused Assets / (31.4 KB). Loaded Objects now: 4000.
Memory consumption went from 126.9 MB to 126.9 MB.
Total: 4.796200 ms (FindLiveObjects: 0.563200 ms CreateObjectMapping: 0.240200 ms MarkObjects: 3.884900 ms  DeleteObjects: 0.106000 ms)

Prepare: number of updated asset objects reloaded= 0
AssetImportParameters requested are different than current active one (requested -> active):
  custom:container-demuxer-ogg: 62fdf1f143b41e24485cea50d1cbac27 -> 
  custom:video-decoder-ogg-theora: a1e56fd34408186e4bbccfd4996cb3dc -> 
  custom:framework-win-MediaFoundation: 216162199b28c13a410421893ffa2e32 -> 
  custom:CustomObjectIndexerAttribute: 756ad292c208cfabdd7b50bc23989ffe -> 
  custom:container-demuxer-webm: 4f35f7cbe854078d1ac9338744f61a02 -> 
  custom:container-muxer-webm: aa71ff27fc2769a1b78a27578f13a17b -> 
  custom:video-decoder-webm-vp8: 9c59270c3fd7afecdb556c50c9e8de78 -> 
  custom:SearchIndexIgnoredProperties: e643bd26f0fe6173181afceb89e7c659 -> 
  custom:AudioImporter_EditorPlatform: d09bf68614088b80899f8185d706f6e7 -> 
  custom:video-encoder-webm-vp8: eb34c28f22e8b96e1ab97ce403110664 -> 
  custom:audio-decoder-ogg-vorbis: bf7c407c2cedff20999df2af8eb42d56 -> 
  custom:audio-encoder-webm-vorbis: bf7c407c2cedff20999df2af8eb42d56 -> 
========================================================================
Received Import Request.
  Time since last request: 1935.637999 seconds.
  path: Assets/Images/Game/Isle/tile_82.png
  artifactKey: Guid(4df52bd456ee8844abfa0cecdf3a72f3) Importer(815301076,1909f56bfc062723c751e8b465ee728b)
Start importing Assets/Images/Game/Isle/tile_82.png using Guid(4df52bd456ee8844abfa0cecdf3a72f3) Importer(815301076,1909f56bfc062723c751e8b465ee728b)  -> (artifact id: '772a9df0c20e23fc5dd145e56b8ef0fc') in 0.069412 seconds
Number of updated asset objects reloaded before import = 0
Number of asset objects unloaded after import = 2
========================================================================
Received Import Request.
  Time since last request: 0.000024 seconds.
  path: Assets/Images/Game/Isle/tile_84.png
  artifactKey: Guid(639b675e0a4d00f44864ff937df04284) Importer(815301076,1909f56bfc062723c751e8b465ee728b)
Start importing Assets/Images/Game/Isle/tile_84.png using Guid(639b675e0a4d00f44864ff937df04284) Importer(815301076,1909f56bfc062723c751e8b465ee728b)  -> (artifact id: 'f053daa215766674c7489f1d325b084a') in 0.015945 seconds
Number of updated asset objects reloaded before import = 0
Number of asset objects unloaded after import = 2
========================================================================
Received Import Request.
  Time since last request: 0.000029 seconds.
  path: Assets/Images/Game/Isle/tile_85.png
  artifactKey: Guid(4dde80a672a77f841b0dd337c449d3bc) Importer(815301076,1909f56bfc062723c751e8b465ee728b)
Start importing Assets/Images/Game/Isle/tile_85.png using Guid(4dde80a672a77f841b0dd337c449d3bc) Importer(815301076,1909f56bfc062723c751e8b465ee728b)  -> (artifact id: '7c1a235ad42c8c39ff127eb2c68e7f33') in 0.015047 seconds
Number of updated asset objects reloaded before import = 0
Number of asset objects unloaded after import = 2
========================================================================
Received Import Request.
  Time since last request: 0.033741 seconds.
  path: Assets/Images/Game/Isle/tile_86.png
  artifactKey: Guid(15456b86f27333446aa509cbbfd203dc) Importer(815301076,1909f56bfc062723c751e8b465ee728b)
Start importing Assets/Images/Game/Isle/tile_86.png using Guid(15456b86f27333446aa509cbbfd203dc) Importer(815301076,1909f56bfc062723c751e8b465ee728b)  -> (artifact id: '55912eb3d771df5ec59170685e986322') in 0.014771 seconds
Number of updated asset objects reloaded before import = 0
Number of asset objects unloaded after import = 2
========================================================================
Received Import Request.
  Time since last request: 0.029658 seconds.
  path: Assets/Images/Game/Isle/tile_87.png
  artifactKey: Guid(5a9477929d677e3468c92d19b3630520) Importer(815301076,1909f56bfc062723c751e8b465ee728b)
Start importing Assets/Images/Game/Isle/tile_87.png using Guid(5a9477929d677e3468c92d19b3630520) Importer(815301076,1909f56bfc062723c751e8b465ee728b)  -> (artifact id: '5a5cfe69043a7c4065d187700e4d28e6') in 0.052460 seconds
Number of updated asset objects reloaded before import = 0
Number of asset objects unloaded after import = 2
========================================================================
Received Import Request.
  Time since last request: 0.011785 seconds.
  path: Assets/Images/Game/Isle/tile_89.png
  artifactKey: Guid(3784b1a5c0b82c845997be6a85acf299) Importer(815301076,1909f56bfc062723c751e8b465ee728b)
Start importing Assets/Images/Game/Isle/tile_89.png using Guid(3784b1a5c0b82c845997be6a85acf299) Importer(815301076,1909f56bfc062723c751e8b465ee728b)  -> (artifact id: 'da325c9a824e28122d56de2d368dbf95') in 0.016032 seconds
Number of updated asset objects reloaded before import = 0
Number of asset objects unloaded after import = 2
========================================================================
Received Import Request.
  Time since last request: 0.062830 seconds.
  path: Assets/Images/Game/Isle/tile_90.png
  artifactKey: Guid(63f2ab073a92fd44bb87187ee1b52da6) Importer(815301076,1909f56bfc062723c751e8b465ee728b)
Start importing Assets/Images/Game/Isle/tile_90.png using Guid(63f2ab073a92fd44bb87187ee1b52da6) Importer(815301076,1909f56bfc062723c751e8b465ee728b)  -> (artifact id: 'caaf182e446dd314a0324a21af12adea') in 0.015170 seconds
Number of updated asset objects reloaded before import = 0
Number of asset objects unloaded after import = 2
========================================================================
Received Import Request.
  Time since last request: 0.025596 seconds.
  path: Assets/Images/Game/Isle/tile_92.png
  artifactKey: Guid(c919c008064bdef44b1c5ca503f667fc) Importer(815301076,1909f56bfc062723c751e8b465ee728b)
Start importing Assets/Images/Game/Isle/tile_92.png using Guid(c919c008064bdef44b1c5ca503f667fc) Importer(815301076,1909f56bfc062723c751e8b465ee728b)  -> (artifact id: 'a8532ae499abaa786bc195e519c06857') in 0.014868 seconds
Number of updated asset objects reloaded before import = 0
Number of asset objects unloaded after import = 2
========================================================================
Received Import Request.
  Time since last request: 0.034511 seconds.
  path: Assets/Images/Game/Isle/tile_93.png
  artifactKey: Guid(583a57b77c9650f4e9ab537a8d351c44) Importer(815301076,1909f56bfc062723c751e8b465ee728b)
Start importing Assets/Images/Game/Isle/tile_93.png using Guid(583a57b77c9650f4e9ab537a8d351c44) Importer(815301076,1909f56bfc062723c751e8b465ee728b)  -> (artifact id: '66d37914723f9cf5059c04e094e8a631') in 0.015833 seconds
Number of updated asset objects reloaded before import = 0
Number of asset objects unloaded after import = 2
========================================================================
Received Import Request.
  Time since last request: 0.000372 seconds.
  path: Assets/Images/Game/Isle/tile_95.png
  artifactKey: Guid(9d13dd40fc7569f4d946c763bd2b52fc) Importer(815301076,1909f56bfc062723c751e8b465ee728b)
Start importing Assets/Images/Game/Isle/tile_95.png using Guid(9d13dd40fc7569f4d946c763bd2b52fc) Importer(815301076,1909f56bfc062723c751e8b465ee728b)  -> (artifact id: '097e9b75fc890aadcf15468544c4dab4') in 0.014788 seconds
Number of updated asset objects reloaded before import = 0
Number of asset objects unloaded after import = 2
========================================================================
Received Import Request.
  Time since last request: 0.002689 seconds.
  path: Assets/Images/Game/Isle/tile_96.png
  artifactKey: Guid(7b0455a7d13dd10449158c1fa5e8956d) Importer(815301076,1909f56bfc062723c751e8b465ee728b)
Start importing Assets/Images/Game/Isle/tile_96.png using Guid(7b0455a7d13dd10449158c1fa5e8956d) Importer(815301076,1909f56bfc062723c751e8b465ee728b)  -> (artifact id: 'c9684ae7a9be485a4abbbbff96ed020b') in 0.014614 seconds
Number of updated asset objects reloaded before import = 0
Number of asset objects unloaded after import = 2
========================================================================
Received Import Request.
  Time since last request: 8.222393 seconds.
  path: Assets/Images/Game/Isle/tile_67.png
  artifactKey: Guid(e4f476ce366d0c74fbf4527a89414d83) Importer(815301076,1909f56bfc062723c751e8b465ee728b)
Start importing Assets/Images/Game/Isle/tile_67.png using Guid(e4f476ce366d0c74fbf4527a89414d83) Importer(815301076,1909f56bfc062723c751e8b465ee728b)  -> (artifact id: '3c61486573e48b51803fefbbae1fa168') in 0.040804 seconds
Number of updated asset objects reloaded before import = 0
Number of asset objects unloaded after import = 3
========================================================================
Received Import Request.
  Time since last request: 0.000027 seconds.
  path: Assets/Images/Game/Isle/tile_84.png
  artifactKey: Guid(639b675e0a4d00f44864ff937df04284) Importer(815301076,1909f56bfc062723c751e8b465ee728b)
Start importing Assets/Images/Game/Isle/tile_84.png using Guid(639b675e0a4d00f44864ff937df04284) Importer(815301076,1909f56bfc062723c751e8b465ee728b)  -> (artifact id: '0bff0f465c816db07aaeb0ada8e014e3') in 0.020156 seconds
Number of updated asset objects reloaded before import = 0
Number of asset objects unloaded after import = 3
========================================================================
Received Import Request.
  Time since last request: 0.000019 seconds.
  path: Assets/Images/Game/Isle/tile_91.png
  artifactKey: Guid(92d84d1b298a6b044a2137b3c39ece0d) Importer(815301076,1909f56bfc062723c751e8b465ee728b)
Start importing Assets/Images/Game/Isle/tile_91.png using Guid(92d84d1b298a6b044a2137b3c39ece0d) Importer(815301076,1909f56bfc062723c751e8b465ee728b)  -> (artifact id: 'a16408f01df2d84e4a43596722f71728') in 0.020430 seconds
Number of updated asset objects reloaded before import = 0
Number of asset objects unloaded after import = 3
========================================================================
Received Import Request.
  Time since last request: 0.000028 seconds.
  path: Assets/Images/Game/Isle/tile_83.png
  artifactKey: Guid(7f12fd3e78a3f9b4face1a78abbe211d) Importer(815301076,1909f56bfc062723c751e8b465ee728b)
Start importing Assets/Images/Game/Isle/tile_83.png using Guid(7f12fd3e78a3f9b4face1a78abbe211d) Importer(815301076,1909f56bfc062723c751e8b465ee728b)  -> (artifact id: 'aa49f3c01269e25801eae84715355218') in 0.020816 seconds
Number of updated asset objects reloaded before import = 0
Number of asset objects unloaded after import = 3
========================================================================
Received Import Request.
  Time since last request: 0.000025 seconds.
  path: Assets/Images/Game/Isle/tiles_sheet@2.png
  artifactKey: Guid(6819890d31a6ef0459bbd5d489c5cd3f) Importer(815301076,1909f56bfc062723c751e8b465ee728b)
Start importing Assets/Images/Game/Isle/tiles_sheet@2.png using Guid(6819890d31a6ef0459bbd5d489c5cd3f) Importer(815301076,1909f56bfc062723c751e8b465ee728b)  -> (artifact id: '7bcb38a6982f7baa4a1d172d6cbc5d95') in 0.029557 seconds
Number of updated asset objects reloaded before import = 0
Number of asset objects unloaded after import = 3
========================================================================
Received Import Request.
  Time since last request: 0.000026 seconds.
  path: Assets/Images/Game/Isle/tile_81.png
  artifactKey: Guid(61b996d2408492e4582d95a22d212897) Importer(815301076,1909f56bfc062723c751e8b465ee728b)
Start importing Assets/Images/Game/Isle/tile_81.png using Guid(61b996d2408492e4582d95a22d212897) Importer(815301076,1909f56bfc062723c751e8b465ee728b)  -> (artifact id: 'd7693636788aff1e31a2625b46b73882') in 0.019490 seconds
Number of updated asset objects reloaded before import = 0
Number of asset objects unloaded after import = 3
========================================================================
Received Import Request.
  Time since last request: 0.000030 seconds.
  path: Assets/Images/Game/Isle/tile_92.png
  artifactKey: Guid(c919c008064bdef44b1c5ca503f667fc) Importer(815301076,1909f56bfc062723c751e8b465ee728b)
Start importing Assets/Images/Game/Isle/tile_92.png using Guid(c919c008064bdef44b1c5ca503f667fc) Importer(815301076,1909f56bfc062723c751e8b465ee728b)  -> (artifact id: '0833ded9c2469d5736d4638e74cf2e14') in 0.022022 seconds
Number of updated asset objects reloaded before import = 0
Number of asset objects unloaded after import = 3
========================================================================
Received Import Request.
  Time since last request: 0.000021 seconds.
  path: Assets/Images/Game/Isle/tile_80.png
  artifactKey: Guid(09dafb7f54aa1ef4990f7f71910d9691) Importer(815301076,1909f56bfc062723c751e8b465ee728b)
Start importing Assets/Images/Game/Isle/tile_80.png using Guid(09dafb7f54aa1ef4990f7f71910d9691) Importer(815301076,1909f56bfc062723c751e8b465ee728b)  -> (artifact id: 'ae4bfacd405a68038993f03515479199') in 0.021828 seconds
Number of updated asset objects reloaded before import = 0
Number of asset objects unloaded after import = 3
========================================================================
Received Import Request.
  Time since last request: 0.000019 seconds.
  path: Assets/Images/Game/Isle/tile_94.png
  artifactKey: Guid(95bcc38af007d7a4b9ba88a26eb75019) Importer(815301076,1909f56bfc062723c751e8b465ee728b)
Start importing Assets/Images/Game/Isle/tile_94.png using Guid(95bcc38af007d7a4b9ba88a26eb75019) Importer(815301076,1909f56bfc062723c751e8b465ee728b)  -> (artifact id: '0e2790666b07c4ad8c133b76e336745c') in 0.019298 seconds
Number of updated asset objects reloaded before import = 0
Number of asset objects unloaded after import = 3
========================================================================
Received Import Request.
  Time since last request: 0.000021 seconds.
  path: Assets/Images/Game/Isle/tile_82.png
  artifactKey: Guid(4df52bd456ee8844abfa0cecdf3a72f3) Importer(815301076,1909f56bfc062723c751e8b465ee728b)
Start importing Assets/Images/Game/Isle/tile_82.png using Guid(4df52bd456ee8844abfa0cecdf3a72f3) Importer(815301076,1909f56bfc062723c751e8b465ee728b)  -> (artifact id: 'cec8500a937bdca56d35dcce05f1bcd0') in 0.018212 seconds
Number of updated asset objects reloaded before import = 0
Number of asset objects unloaded after import = 3
========================================================================
Received Import Request.
  Time since last request: 0.000019 seconds.
  path: Assets/Images/Game/Isle/tile_86.png
  artifactKey: Guid(15456b86f27333446aa509cbbfd203dc) Importer(815301076,1909f56bfc062723c751e8b465ee728b)
Start importing Assets/Images/Game/Isle/tile_86.png using Guid(15456b86f27333446aa509cbbfd203dc) Importer(815301076,1909f56bfc062723c751e8b465ee728b)  -> (artifact id: '006048cff01e04152b34ad4ba16369e4') in 0.019483 seconds
Number of updated asset objects reloaded before import = 0
Number of asset objects unloaded after import = 3
========================================================================
Received Import Request.
  Time since last request: 0.000019 seconds.
  path: Assets/Images/Game/Isle/tile_69.png
  artifactKey: Guid(cb6174856812e5e4ab5259a75912ec37) Importer(815301076,1909f56bfc062723c751e8b465ee728b)
Start importing Assets/Images/Game/Isle/tile_69.png using Guid(cb6174856812e5e4ab5259a75912ec37) Importer(815301076,1909f56bfc062723c751e8b465ee728b)  -> (artifact id: 'c0d3f4677a9ecf5eb55a9aac79c325b4') in 0.019420 seconds
Number of updated asset objects reloaded before import = 0
Number of asset objects unloaded after import = 3
========================================================================
Received Import Request.
  Time since last request: 0.000023 seconds.
  path: Assets/Images/Game/Isle/tile_70.png
  artifactKey: Guid(caf8c8ae510d9784184af79d16382b3e) Importer(815301076,1909f56bfc062723c751e8b465ee728b)
Start importing Assets/Images/Game/Isle/tile_70.png using Guid(caf8c8ae510d9784184af79d16382b3e) Importer(815301076,1909f56bfc062723c751e8b465ee728b)  -> (artifact id: 'fdba6ef417bacb44aa7f7aeba2304d6a') in 0.018535 seconds
Number of updated asset objects reloaded before import = 0
Number of asset objects unloaded after import = 3
========================================================================
Received Import Request.
  Time since last request: 0.000025 seconds.
  path: Assets/Images/Game/Isle/tile_78.png
  artifactKey: Guid(234ccae2f89b59d40916ad43647bb3d2) Importer(815301076,1909f56bfc062723c751e8b465ee728b)
Start importing Assets/Images/Game/Isle/tile_78.png using Guid(234ccae2f89b59d40916ad43647bb3d2) Importer(815301076,1909f56bfc062723c751e8b465ee728b)  -> (artifact id: '6684c18b3ffb47e562bc4a5b3b380957') in 0.023711 seconds
Number of updated asset objects reloaded before import = 0
Number of asset objects unloaded after import = 3
========================================================================
Received Import Request.
  Time since last request: 0.000020 seconds.
  path: Assets/Images/Game/Isle/tile_01.png
  artifactKey: Guid(13083fcfbf1fee046989e9d3960eba76) Importer(815301076,1909f56bfc062723c751e8b465ee728b)
Start importing Assets/Images/Game/Isle/tile_01.png using Guid(13083fcfbf1fee046989e9d3960eba76) Importer(815301076,1909f56bfc062723c751e8b465ee728b)  -> (artifact id: '1684361b46b757b5771a8a4534d5024b') in 0.020750 seconds
Number of updated asset objects reloaded before import = 0
Number of asset objects unloaded after import = 3
========================================================================
Received Import Request.
  Time since last request: 0.000023 seconds.
  path: Assets/Images/Game/Isle/tile_73.png
  artifactKey: Guid(6b5c6838ba55d414c93950d33f3a15c4) Importer(815301076,1909f56bfc062723c751e8b465ee728b)
Start importing Assets/Images/Game/Isle/tile_73.png using Guid(6b5c6838ba55d414c93950d33f3a15c4) Importer(815301076,1909f56bfc062723c751e8b465ee728b)  -> (artifact id: '442e4ee644630ca9be62221c6533e799') in 0.022759 seconds
Number of updated asset objects reloaded before import = 0
Number of asset objects unloaded after import = 3
========================================================================
Received Import Request.
  Time since last request: 0.000018 seconds.
  path: Assets/Images/Game/Isle/tile_74.png
  artifactKey: Guid(f8c85a9d796aaa4478a6f5ab814b7d31) Importer(815301076,1909f56bfc062723c751e8b465ee728b)
Start importing Assets/Images/Game/Isle/tile_74.png using Guid(f8c85a9d796aaa4478a6f5ab814b7d31) Importer(815301076,1909f56bfc062723c751e8b465ee728b)  -> (artifact id: '0bb8e23cd4a8aa6409b87374efbfbc9f') in 0.041838 seconds
Number of updated asset objects reloaded before import = 0
Number of asset objects unloaded after import = 3
========================================================================
Received Import Request.
  Time since last request: 0.896635 seconds.
  path: Assets/Images/Game/Isle/tile_56.png
  artifactKey: Guid(99b2e346d4fc9b8459958d6c5e11ed4f) Importer(815301076,1909f56bfc062723c751e8b465ee728b)
Start importing Assets/Images/Game/Isle/tile_56.png using Guid(99b2e346d4fc9b8459958d6c5e11ed4f) Importer(815301076,1909f56bfc062723c751e8b465ee728b)  -> (artifact id: 'ff821d0f273be25c71003bcc5a462362') in 0.020521 seconds
Number of updated asset objects reloaded before import = 0
Number of asset objects unloaded after import = 3
========================================================================
Received Import Request.
  Time since last request: 0.000034 seconds.
  path: Assets/Images/Game/Isle/tile_62.png
  artifactKey: Guid(2537425e3057a394a84d9b7a02b16878) Importer(815301076,1909f56bfc062723c751e8b465ee728b)
Start importing Assets/Images/Game/Isle/tile_62.png using Guid(2537425e3057a394a84d9b7a02b16878) Importer(815301076,1909f56bfc062723c751e8b465ee728b)  -> (artifact id: 'c8d857165ee969dcaa761718ac20268a') in 0.068001 seconds
Number of updated asset objects reloaded before import = 0
Number of asset objects unloaded after import = 3
========================================================================
Received Import Request.
  Time since last request: 0.000039 seconds.
  path: Assets/Images/Game/Isle/tile_63.png
  artifactKey: Guid(80677189aba40ba48b8db0de283f0d30) Importer(815301076,1909f56bfc062723c751e8b465ee728b)
Start importing Assets/Images/Game/Isle/tile_63.png using Guid(80677189aba40ba48b8db0de283f0d30) Importer(815301076,1909f56bfc062723c751e8b465ee728b)  -> (artifact id: '3f6ef65b2c47c1a79b8dc37eeb6024dd') in 0.020241 seconds
Number of updated asset objects reloaded before import = 0
Number of asset objects unloaded after import = 3
========================================================================
Received Import Request.
  Time since last request: 0.000022 seconds.
  path: Assets/Images/Game/Isle/tile_65.png
  artifactKey: Guid(096e3c8a8f01b3a498dc6f3104c51cab) Importer(815301076,1909f56bfc062723c751e8b465ee728b)
Start importing Assets/Images/Game/Isle/tile_65.png using Guid(096e3c8a8f01b3a498dc6f3104c51cab) Importer(815301076,1909f56bfc062723c751e8b465ee728b)  -> (artifact id: 'd04f22da7508a7e2ba194cc2e79b4727') in 0.022148 seconds
Number of updated asset objects reloaded before import = 0
Number of asset objects unloaded after import = 3
========================================================================
Received Import Request.
  Time since last request: 0.000026 seconds.
  path: Assets/Images/Game/Isle/tile_66.png
  artifactKey: Guid(4b1698a25cad4bf47bf8855acbd2db45) Importer(815301076,1909f56bfc062723c751e8b465ee728b)
Start importing Assets/Images/Game/Isle/tile_66.png using Guid(4b1698a25cad4bf47bf8855acbd2db45) Importer(815301076,1909f56bfc062723c751e8b465ee728b)  -> (artifact id: '42e2363c9fc4ab106fbe8b21340af508') in 0.023398 seconds
Number of updated asset objects reloaded before import = 0
Number of asset objects unloaded after import = 3
========================================================================
Received Import Request.
  Time since last request: 0.000039 seconds.
  path: Assets/Images/Game/Isle/tile_64.png
  artifactKey: Guid(73aab5a44af904b44967f2d44bd4787f) Importer(815301076,1909f56bfc062723c751e8b465ee728b)
Start importing Assets/Images/Game/Isle/tile_64.png using Guid(73aab5a44af904b44967f2d44bd4787f) Importer(815301076,1909f56bfc062723c751e8b465ee728b)  -> (artifact id: 'f0e16f7661d1bf15d111d2015010cf5b') in 0.019931 seconds
Number of updated asset objects reloaded before import = 0
Number of asset objects unloaded after import = 3
========================================================================
Received Import Request.
  Time since last request: 0.151198 seconds.
  path: Assets/Images/Game/Isle/tile_45.png
  artifactKey: Guid(56160fde4b1e41b49abdb179d3cba433) Importer(815301076,1909f56bfc062723c751e8b465ee728b)
Start importing Assets/Images/Game/Isle/tile_45.png using Guid(56160fde4b1e41b49abdb179d3cba433) Importer(815301076,1909f56bfc062723c751e8b465ee728b)  -> (artifact id: 'f460883fc2ed3093456133f6c5060785') in 0.021567 seconds
Number of updated asset objects reloaded before import = 0
Number of asset objects unloaded after import = 3
========================================================================
Received Import Request.
  Time since last request: 0.000018 seconds.
  path: Assets/Images/Game/Isle/tile_49.png
  artifactKey: Guid(7724f3248a31a024b8dea4ec59528e08) Importer(815301076,1909f56bfc062723c751e8b465ee728b)
Start importing Assets/Images/Game/Isle/tile_49.png using Guid(7724f3248a31a024b8dea4ec59528e08) Importer(815301076,1909f56bfc062723c751e8b465ee728b)  -> (artifact id: 'ec61821abcf6558a774d7429123f0665') in 0.019815 seconds
Number of updated asset objects reloaded before import = 0
Number of asset objects unloaded after import = 3
========================================================================
Received Import Request.
  Time since last request: 0.000024 seconds.
  path: Assets/Images/Game/Isle/tile_55.png
  artifactKey: Guid(419ec553dbe1e5f46b02b68775b64a24) Importer(815301076,1909f56bfc062723c751e8b465ee728b)
Start importing Assets/Images/Game/Isle/tile_55.png using Guid(419ec553dbe1e5f46b02b68775b64a24) Importer(815301076,1909f56bfc062723c751e8b465ee728b)  -> (artifact id: 'c291bb23f4a96afe0bd88ddc0c8496aa') in 0.021544 seconds
Number of updated asset objects reloaded before import = 0
Number of asset objects unloaded after import = 3
========================================================================
Received Import Request.
  Time since last request: 0.000030 seconds.
  path: Assets/Images/Game/Isle/tile_53.png
  artifactKey: Guid(d7f08b7137cf64f409b3e77590b82d2d) Importer(815301076,1909f56bfc062723c751e8b465ee728b)
Start importing Assets/Images/Game/Isle/tile_53.png using Guid(d7f08b7137cf64f409b3e77590b82d2d) Importer(815301076,1909f56bfc062723c751e8b465ee728b)  -> (artifact id: 'ae43d4e7bedfddd6b629845545d0150c') in 0.020857 seconds
Number of updated asset objects reloaded before import = 0
Number of asset objects unloaded after import = 3
========================================================================
Received Import Request.
  Time since last request: 0.000018 seconds.
  path: Assets/Images/Game/Isle/tile_37.png
  artifactKey: Guid(f1afc8dd7b245314a8aafabeb9a32e1d) Importer(815301076,1909f56bfc062723c751e8b465ee728b)
Start importing Assets/Images/Game/Isle/tile_37.png using Guid(f1afc8dd7b245314a8aafabeb9a32e1d) Importer(815301076,1909f56bfc062723c751e8b465ee728b)  -> (artifact id: '5039fed24cbcfef9ba6353e1c370155d') in 0.019995 seconds
Number of updated asset objects reloaded before import = 0
Number of asset objects unloaded after import = 3
========================================================================
Received Import Request.
  Time since last request: 0.000025 seconds.
  path: Assets/Images/Game/Isle/tile_43.png
  artifactKey: Guid(9a663a7778dae984eb3fa2032a157a55) Importer(815301076,1909f56bfc062723c751e8b465ee728b)
Start importing Assets/Images/Game/Isle/tile_43.png using Guid(9a663a7778dae984eb3fa2032a157a55) Importer(815301076,1909f56bfc062723c751e8b465ee728b)  -> (artifact id: 'f9e0c4345aa9f6d0316d3d2889c020d5') in 0.072936 seconds
Number of updated asset objects reloaded before import = 0
Number of asset objects unloaded after import = 3
========================================================================
Received Import Request.
  Time since last request: 0.000027 seconds.
  path: Assets/Images/Game/Isle/tile_41.png
  artifactKey: Guid(be59106f18525e34b908dddbae7fb1a8) Importer(815301076,1909f56bfc062723c751e8b465ee728b)
Start importing Assets/Images/Game/Isle/tile_41.png using Guid(be59106f18525e34b908dddbae7fb1a8) Importer(815301076,1909f56bfc062723c751e8b465ee728b)  -> (artifact id: 'df741747c5fb190803d1727ef4eadde6') in 0.021830 seconds
Number of updated asset objects reloaded before import = 0
Number of asset objects unloaded after import = 3
========================================================================
Received Import Request.
  Time since last request: 0.000018 seconds.
  path: Assets/Images/Game/Isle/tile_44.png
  artifactKey: Guid(9eb402d44424fb0489df800b5165c930) Importer(815301076,1909f56bfc062723c751e8b465ee728b)
Start importing Assets/Images/Game/Isle/tile_44.png using Guid(9eb402d44424fb0489df800b5165c930) Importer(815301076,1909f56bfc062723c751e8b465ee728b)  -> (artifact id: 'f1c05f1f5594f3e88f5eb591ca7c4f36') in 0.030271 seconds
Number of updated asset objects reloaded before import = 0
Number of asset objects unloaded after import = 3
========================================================================
Received Import Request.
  Time since last request: 0.000032 seconds.
  path: Assets/Images/Game/Isle/tile_51.png
  artifactKey: Guid(2b74df3c18beed04b87599647d6f8718) Importer(815301076,1909f56bfc062723c751e8b465ee728b)
Start importing Assets/Images/Game/Isle/tile_51.png using Guid(2b74df3c18beed04b87599647d6f8718) Importer(815301076,1909f56bfc062723c751e8b465ee728b)  -> (artifact id: '5ab991f23588bcdba96752515ee13748') in 0.035210 seconds
Number of updated asset objects reloaded before import = 0
Number of asset objects unloaded after import = 3
========================================================================
Received Import Request.
  Time since last request: 0.000029 seconds.
  path: Assets/Images/Game/Isle/tile_36.png
  artifactKey: Guid(a9f9a0a68905b05419068d318bcb1fa8) Importer(815301076,1909f56bfc062723c751e8b465ee728b)
Start importing Assets/Images/Game/Isle/tile_36.png using Guid(a9f9a0a68905b05419068d318bcb1fa8) Importer(815301076,1909f56bfc062723c751e8b465ee728b)  -> (artifact id: 'c63f46d695ce32190dcbb98dca7c15e6') in 0.021011 seconds
Number of updated asset objects reloaded before import = 0
Number of asset objects unloaded after import = 3
========================================================================
Received Import Request.
  Time since last request: 0.138813 seconds.
  path: Assets/Images/Game/Isle/tile_23.png
  artifactKey: Guid(72202c940ad91524c970556294060a7e) Importer(815301076,1909f56bfc062723c751e8b465ee728b)
Start importing Assets/Images/Game/Isle/tile_23.png using Guid(72202c940ad91524c970556294060a7e) Importer(815301076,1909f56bfc062723c751e8b465ee728b)  -> (artifact id: '0416edbc1d717d0cc80bd903ca96ca17') in 0.022000 seconds
Number of updated asset objects reloaded before import = 0
Number of asset objects unloaded after import = 3
========================================================================
Received Import Request.
  Time since last request: 0.000033 seconds.
  path: Assets/Images/Game/Isle/tile_26.png
  artifactKey: Guid(b2853092a2b4f2c40b75b4abf7549081) Importer(815301076,1909f56bfc062723c751e8b465ee728b)
Start importing Assets/Images/Game/Isle/tile_26.png using Guid(b2853092a2b4f2c40b75b4abf7549081) Importer(815301076,1909f56bfc062723c751e8b465ee728b)  -> (artifact id: 'ed50d605b31e0e0acc8602f463d968aa') in 0.034148 seconds
Number of updated asset objects reloaded before import = 0
Number of asset objects unloaded after import = 3
========================================================================
Received Import Request.
  Time since last request: 0.000058 seconds.
  path: Assets/Images/Game/Isle/tile_29.png
  artifactKey: Guid(24c4ec9af5206f842a2ab5b7e9fc61f9) Importer(815301076,1909f56bfc062723c751e8b465ee728b)
Start importing Assets/Images/Game/Isle/tile_29.png using Guid(24c4ec9af5206f842a2ab5b7e9fc61f9) Importer(815301076,1909f56bfc062723c751e8b465ee728b)  -> (artifact id: '93bacd6d984ee00260490e1dd8d59e9a') in 0.022572 seconds
Number of updated asset objects reloaded before import = 0
Number of asset objects unloaded after import = 3
========================================================================
Received Import Request.
  Time since last request: 0.000023 seconds.
  path: Assets/Images/Game/Isle/tile_32.png
  artifactKey: Guid(941bba361dbc59048b904afe2c31a45d) Importer(815301076,1909f56bfc062723c751e8b465ee728b)
Start importing Assets/Images/Game/Isle/tile_32.png using Guid(941bba361dbc59048b904afe2c31a45d) Importer(815301076,1909f56bfc062723c751e8b465ee728b)  -> (artifact id: '524786f3e78651e25377e7bde20cfa8b') in 0.018557 seconds
Number of updated asset objects reloaded before import = 0
Number of asset objects unloaded after import = 3
========================================================================
Received Import Request.
  Time since last request: 0.000030 seconds.
  path: Assets/Images/Game/Isle/tile_27.png
  artifactKey: Guid(c52a73ad953c04c41ac15c9a2a1fde3d) Importer(815301076,1909f56bfc062723c751e8b465ee728b)
Start importing Assets/Images/Game/Isle/tile_27.png using Guid(c52a73ad953c04c41ac15c9a2a1fde3d) Importer(815301076,1909f56bfc062723c751e8b465ee728b)  -> (artifact id: '31be670d622ba5dbe3847c4d9687a5c0') in 0.021083 seconds
Number of updated asset objects reloaded before import = 0
Number of asset objects unloaded after import = 3
========================================================================
Received Import Request.
  Time since last request: 0.849271 seconds.
  path: Assets/Images/Game/Isle/tile_12.png
  artifactKey: Guid(66848216d69fe9b4caa02a530271f58e) Importer(815301076,1909f56bfc062723c751e8b465ee728b)
Start importing Assets/Images/Game/Isle/tile_12.png using Guid(66848216d69fe9b4caa02a530271f58e) Importer(815301076,1909f56bfc062723c751e8b465ee728b)  -> (artifact id: 'da8c1efad8a00b5610d747a48bc512ed') in 0.021317 seconds
Number of updated asset objects reloaded before import = 0
Number of asset objects unloaded after import = 3
========================================================================
Received Import Request.
  Time since last request: 0.000025 seconds.
  path: Assets/Images/Game/Isle/tile_14.png
  artifactKey: Guid(5f874f5caf4cf144081d7b4f959d72a4) Importer(815301076,1909f56bfc062723c751e8b465ee728b)
Start importing Assets/Images/Game/Isle/tile_14.png using Guid(5f874f5caf4cf144081d7b4f959d72a4) Importer(815301076,1909f56bfc062723c751e8b465ee728b)  -> (artifact id: '22d6fc6dc9c1f891adc50c48490a6ab5') in 0.019681 seconds
Number of updated asset objects reloaded before import = 0
Number of asset objects unloaded after import = 3
========================================================================
Received Import Request.
  Time since last request: 0.000060 seconds.
  path: Assets/Images/Game/Isle/tile_19.png
  artifactKey: Guid(ec1b1bfdcf4bf8f40ba2d6e1bf1714bd) Importer(815301076,1909f56bfc062723c751e8b465ee728b)
Start importing Assets/Images/Game/Isle/tile_19.png using Guid(ec1b1bfdcf4bf8f40ba2d6e1bf1714bd) Importer(815301076,1909f56bfc062723c751e8b465ee728b)  -> (artifact id: 'e5d3752ad3ec82cea7079592099e34cc') in 0.021255 seconds
Number of updated asset objects reloaded before import = 0
Number of asset objects unloaded after import = 3
========================================================================
Received Import Request.
  Time since last request: 0.000021 seconds.
  path: Assets/Images/Game/Isle/tile_16.png
  artifactKey: Guid(2cdb5ac032cfbe145ab24d063e5264db) Importer(815301076,1909f56bfc062723c751e8b465ee728b)
Start importing Assets/Images/Game/Isle/tile_16.png using Guid(2cdb5ac032cfbe145ab24d063e5264db) Importer(815301076,1909f56bfc062723c751e8b465ee728b)  -> (artifact id: '2179457b399325bfc58bc949f9ab4fe8') in 0.068691 seconds
Number of updated asset objects reloaded before import = 0
Number of asset objects unloaded after import = 3
========================================================================
Received Import Request.
  Time since last request: 0.000019 seconds.
  path: Assets/Images/Game/Isle/tile_04.png
  artifactKey: Guid(b52b60de19581ea479c2d452d3315f82) Importer(815301076,1909f56bfc062723c751e8b465ee728b)
Start importing Assets/Images/Game/Isle/tile_04.png using Guid(b52b60de19581ea479c2d452d3315f82) Importer(815301076,1909f56bfc062723c751e8b465ee728b)  -> (artifact id: 'c071d03be5a60816b35fd05476e73e00') in 0.056042 seconds
Number of updated asset objects reloaded before import = 0
Number of asset objects unloaded after import = 3
========================================================================
Received Import Request.
  Time since last request: 0.000028 seconds.
  path: Assets/Images/Game/Isle/tile_11.png
  artifactKey: Guid(43ef4392793235b409d9336b7777022b) Importer(815301076,1909f56bfc062723c751e8b465ee728b)
Start importing Assets/Images/Game/Isle/tile_11.png using Guid(43ef4392793235b409d9336b7777022b) Importer(815301076,1909f56bfc062723c751e8b465ee728b)  -> (artifact id: '7f900d31bedb32d7c733b03dcf11b683') in 0.020827 seconds
Number of updated asset objects reloaded before import = 0
Number of asset objects unloaded after import = 3
========================================================================
Received Import Request.
  Time since last request: 0.000029 seconds.
  path: Assets/Images/Game/Isle/tile_15.png
  artifactKey: Guid(a57310fff46e1f246b9d496b0b098c87) Importer(815301076,1909f56bfc062723c751e8b465ee728b)
Start importing Assets/Images/Game/Isle/tile_15.png using Guid(a57310fff46e1f246b9d496b0b098c87) Importer(815301076,1909f56bfc062723c751e8b465ee728b)  -> (artifact id: '844e127beec642c5656625a89ac272d4') in 0.067674 seconds
Number of updated asset objects reloaded before import = 0
Number of asset objects unloaded after import = 3
========================================================================
Received Import Request.
  Time since last request: 0.000019 seconds.
  path: Assets/Images/Game/Isle/tile_20.png
  artifactKey: Guid(c2838514ea215184f8edbb25d39c91af) Importer(815301076,1909f56bfc062723c751e8b465ee728b)
Start importing Assets/Images/Game/Isle/tile_20.png using Guid(c2838514ea215184f8edbb25d39c91af) Importer(815301076,1909f56bfc062723c751e8b465ee728b)  -> (artifact id: '022d2c0a7a0301db801cbfa0702340b9') in 0.020568 seconds
Number of updated asset objects reloaded before import = 0
Number of asset objects unloaded after import = 3
========================================================================
Received Import Request.
  Time since last request: 0.000019 seconds.
  path: Assets/Images/Game/Isle/tile_02.png
  artifactKey: Guid(72da3a6602e59ac4f839e1ae22f77a53) Importer(815301076,1909f56bfc062723c751e8b465ee728b)
Start importing Assets/Images/Game/Isle/tile_02.png using Guid(72da3a6602e59ac4f839e1ae22f77a53) Importer(815301076,1909f56bfc062723c751e8b465ee728b)  -> (artifact id: '282e0a3555681a9e72c67563f7463116') in 0.018952 seconds
Number of updated asset objects reloaded before import = 0
Number of asset objects unloaded after import = 3
========================================================================
Received Import Request.
  Time since last request: 0.000020 seconds.
  path: Assets/Images/Game/Isle/tile_18.png
  artifactKey: Guid(33488352d765b76459d62176446e3e29) Importer(815301076,1909f56bfc062723c751e8b465ee728b)
Start importing Assets/Images/Game/Isle/tile_18.png using Guid(33488352d765b76459d62176446e3e29) Importer(815301076,1909f56bfc062723c751e8b465ee728b)  -> (artifact id: '3e45eed4e48d17aa85e2ed15875990a0') in 0.019514 seconds
Number of updated asset objects reloaded before import = 0
Number of asset objects unloaded after import = 3
========================================================================
Received Import Request.
  Time since last request: 381.269738 seconds.
  path: Assets/Images/Game/Isle/tile_73.png
  artifactKey: Guid(6b5c6838ba55d414c93950d33f3a15c4) Importer(815301076,1909f56bfc062723c751e8b465ee728b)
Start importing Assets/Images/Game/Isle/tile_73.png using Guid(6b5c6838ba55d414c93950d33f3a15c4) Importer(815301076,1909f56bfc062723c751e8b465ee728b)  -> (artifact id: '2d405197edadcc13facfae7756f851b8') in 0.019915 seconds
Number of updated asset objects reloaded before import = 0
Number of asset objects unloaded after import = 3
========================================================================
Received Import Request.
  Time since last request: 4.057157 seconds.
  path: Assets/Images/Game/Isle/tile_73.png
  artifactKey: Guid(6b5c6838ba55d414c93950d33f3a15c4) Importer(815301076,1909f56bfc062723c751e8b465ee728b)
Start importing Assets/Images/Game/Isle/tile_73.png using Guid(6b5c6838ba55d414c93950d33f3a15c4) Importer(815301076,1909f56bfc062723c751e8b465ee728b)  -> (artifact id: 'de3f4ab92d012d7ff842788943c51f06') in 0.010903 seconds
Number of updated asset objects reloaded before import = 0
Number of asset objects unloaded after import = 3
========================================================================
Received Import Request.
  Time since last request: 24.517754 seconds.
  path: Assets/Images/Game/Isle/tile_73.png
  artifactKey: Guid(6b5c6838ba55d414c93950d33f3a15c4) Importer(815301076,1909f56bfc062723c751e8b465ee728b)
Start importing Assets/Images/Game/Isle/tile_73.png using Guid(6b5c6838ba55d414c93950d33f3a15c4) Importer(815301076,1909f56bfc062723c751e8b465ee728b)  -> (artifact id: '0700da5029f50f8f4fdeea86a17d5bfc') in 0.016291 seconds
Number of updated asset objects reloaded before import = 0
Number of asset objects unloaded after import = 3
========================================================================
Received Import Request.
  Time since last request: 153.134492 seconds.
  path: Assets/Images/Game/Isle/tile_66.png
  artifactKey: Guid(4b1698a25cad4bf47bf8855acbd2db45) Importer(815301076,1909f56bfc062723c751e8b465ee728b)
Start importing Assets/Images/Game/Isle/tile_66.png using Guid(4b1698a25cad4bf47bf8855acbd2db45) Importer(815301076,1909f56bfc062723c751e8b465ee728b)  -> (artifact id: 'd2ccc8598516e9439aec8300aac88990') in 0.026088 seconds
Number of updated asset objects reloaded before import = 0
Number of asset objects unloaded after import = 3
========================================================================
Received Import Request.
  Time since last request: 0.000018 seconds.
  path: Assets/Images/Game/Isle/tile_68.png
  artifactKey: Guid(6124eba084c4bb742ae04ed7d9eb4b59) Importer(815301076,1909f56bfc062723c751e8b465ee728b)
Start importing Assets/Images/Game/Isle/tile_68.png using Guid(6124eba084c4bb742ae04ed7d9eb4b59) Importer(815301076,1909f56bfc062723c751e8b465ee728b)  -> (artifact id: 'fc79e89b8e7bcd25ee1bcdf598a7ffc0') in 0.021731 seconds
Number of updated asset objects reloaded before import = 0
Number of asset objects unloaded after import = 3
========================================================================
Received Import Request.
  Time since last request: 0.000018 seconds.
  path: Assets/Images/Game/Isle/tile_70.png
  artifactKey: Guid(caf8c8ae510d9784184af79d16382b3e) Importer(815301076,1909f56bfc062723c751e8b465ee728b)
Start importing Assets/Images/Game/Isle/tile_70.png using Guid(caf8c8ae510d9784184af79d16382b3e) Importer(815301076,1909f56bfc062723c751e8b465ee728b)  -> (artifact id: 'f142d18de8d9e5f57bbfa111e5ebbb98') in 0.027356 seconds
Number of updated asset objects reloaded before import = 0
Number of asset objects unloaded after import = 3
========================================================================
Received Import Request.
  Time since last request: 19.770387 seconds.
  path: Assets/Images/Game/Isle/tile_67.png
  artifactKey: Guid(e4f476ce366d0c74fbf4527a89414d83) Importer(815301076,1909f56bfc062723c751e8b465ee728b)
Start importing Assets/Images/Game/Isle/tile_67.png using Guid(e4f476ce366d0c74fbf4527a89414d83) Importer(815301076,1909f56bfc062723c751e8b465ee728b)  -> (artifact id: '64c8f1cb9c67030f671cc01aadd97f70') in 0.013185 seconds
Number of updated asset objects reloaded before import = 0
Number of asset objects unloaded after import = 3
========================================================================
Received Import Request.
  Time since last request: 0.000023 seconds.
  path: Assets/Images/Game/Isle/tile_87.png
  artifactKey: Guid(5a9477929d677e3468c92d19b3630520) Importer(815301076,1909f56bfc062723c751e8b465ee728b)
Start importing Assets/Images/Game/Isle/tile_87.png using Guid(5a9477929d677e3468c92d19b3630520) Importer(815301076,1909f56bfc062723c751e8b465ee728b)  -> (artifact id: 'a21c2bb9c245afb1a3a5359dddca285b') in 0.018489 seconds
Number of updated asset objects reloaded before import = 0
Number of asset objects unloaded after import = 3
========================================================================
Received Import Request.
  Time since last request: 0.000025 seconds.
  path: Assets/Images/Game/Isle/tile_91.png
  artifactKey: Guid(92d84d1b298a6b044a2137b3c39ece0d) Importer(815301076,1909f56bfc062723c751e8b465ee728b)
Start importing Assets/Images/Game/Isle/tile_91.png using Guid(92d84d1b298a6b044a2137b3c39ece0d) Importer(815301076,1909f56bfc062723c751e8b465ee728b)  -> (artifact id: 'b373f493eb90c38005a55725b4dabe32') in 0.063262 seconds
Number of updated asset objects reloaded before import = 0
Number of asset objects unloaded after import = 3
========================================================================
Received Import Request.
  Time since last request: 0.000024 seconds.
  path: Assets/Images/Game/Isle/tile_83.png
  artifactKey: Guid(7f12fd3e78a3f9b4face1a78abbe211d) Importer(815301076,1909f56bfc062723c751e8b465ee728b)
Start importing Assets/Images/Game/Isle/tile_83.png using Guid(7f12fd3e78a3f9b4face1a78abbe211d) Importer(815301076,1909f56bfc062723c751e8b465ee728b)  -> (artifact id: 'fde8f0984ae8995574d59d96af443255') in 0.020028 seconds
Number of updated asset objects reloaded before import = 0
Number of asset objects unloaded after import = 3
========================================================================
Received Import Request.
  Time since last request: 0.000022 seconds.
  path: Assets/Images/Game/Isle/tile_77.png
  artifactKey: Guid(6230ea524a9e3514e8cdcc2331c0fa5d) Importer(815301076,1909f56bfc062723c751e8b465ee728b)
Start importing Assets/Images/Game/Isle/tile_77.png using Guid(6230ea524a9e3514e8cdcc2331c0fa5d) Importer(815301076,1909f56bfc062723c751e8b465ee728b)  -> (artifact id: '7b90ee910d6658f80454ca7d7dbb143d') in 0.021771 seconds
Number of updated asset objects reloaded before import = 0
Number of asset objects unloaded after import = 3
========================================================================
Received Import Request.
  Time since last request: 0.000049 seconds.
  path: Assets/Images/Game/Isle/tile_81.png
  artifactKey: Guid(61b996d2408492e4582d95a22d212897) Importer(815301076,1909f56bfc062723c751e8b465ee728b)
Start importing Assets/Images/Game/Isle/tile_81.png using Guid(61b996d2408492e4582d95a22d212897) Importer(815301076,1909f56bfc062723c751e8b465ee728b)  -> (artifact id: 'b504c5dd5080d36a7505caac19941efb') in 0.019588 seconds
Number of updated asset objects reloaded before import = 0
Number of asset objects unloaded after import = 3
========================================================================
Received Import Request.
  Time since last request: 0.000033 seconds.
  path: Assets/Images/Game/Isle/tile_80.png
  artifactKey: Guid(09dafb7f54aa1ef4990f7f71910d9691) Importer(815301076,1909f56bfc062723c751e8b465ee728b)
Start importing Assets/Images/Game/Isle/tile_80.png using Guid(09dafb7f54aa1ef4990f7f71910d9691) Importer(815301076,1909f56bfc062723c751e8b465ee728b)  -> (artifact id: 'c95f0918f1a8501b7c38c4cf4d0d0325') in 0.020307 seconds
Number of updated asset objects reloaded before import = 0
Number of asset objects unloaded after import = 3
========================================================================
Received Import Request.
  Time since last request: 0.000020 seconds.
  path: Assets/Images/Game/Isle/tile_93.png
  artifactKey: Guid(583a57b77c9650f4e9ab537a8d351c44) Importer(815301076,1909f56bfc062723c751e8b465ee728b)
Start importing Assets/Images/Game/Isle/tile_93.png using Guid(583a57b77c9650f4e9ab537a8d351c44) Importer(815301076,1909f56bfc062723c751e8b465ee728b)  -> (artifact id: '124cc9ec9718b05d4394ad7753830cbe') in 0.018511 seconds
Number of updated asset objects reloaded before import = 0
Number of asset objects unloaded after import = 3
========================================================================
Received Import Request.
  Time since last request: 0.000022 seconds.
  path: Assets/Images/Game/Isle/tile_86.png
  artifactKey: Guid(15456b86f27333446aa509cbbfd203dc) Importer(815301076,1909f56bfc062723c751e8b465ee728b)
Start importing Assets/Images/Game/Isle/tile_86.png using Guid(15456b86f27333446aa509cbbfd203dc) Importer(815301076,1909f56bfc062723c751e8b465ee728b)  -> (artifact id: '3c8dab4ac4ca1ac1e732a1835f88283c') in 0.024898 seconds
Number of updated asset objects reloaded before import = 0
Number of asset objects unloaded after import = 3
========================================================================
Received Import Request.
  Time since last request: 0.000032 seconds.
  path: Assets/Images/Game/Isle/tile_76.png
  artifactKey: Guid(8c26515ee8796ab46b10c71048b4046a) Importer(815301076,1909f56bfc062723c751e8b465ee728b)
Start importing Assets/Images/Game/Isle/tile_76.png using Guid(8c26515ee8796ab46b10c71048b4046a) Importer(815301076,1909f56bfc062723c751e8b465ee728b)  -> (artifact id: '0ba22c270f1980078eee3456f6869f84') in 0.017322 seconds
Number of updated asset objects reloaded before import = 0
Number of asset objects unloaded after import = 3
========================================================================
Received Import Request.
  Time since last request: 0.000029 seconds.
  path: Assets/Images/Game/Isle/tile_71.png
  artifactKey: Guid(b571ec7b791c4a84fb4078d91c915654) Importer(815301076,1909f56bfc062723c751e8b465ee728b)
Start importing Assets/Images/Game/Isle/tile_71.png using Guid(b571ec7b791c4a84fb4078d91c915654) Importer(815301076,1909f56bfc062723c751e8b465ee728b)  -> (artifact id: '961748819b0792d1cd74cb422d46fcb7') in 0.010960 seconds
Number of updated asset objects reloaded before import = 0
Number of asset objects unloaded after import = 3
========================================================================
Received Import Request.
  Time since last request: 0.000019 seconds.
  path: Assets/Images/Game/Isle/tile_89.png
  artifactKey: Guid(3784b1a5c0b82c845997be6a85acf299) Importer(815301076,1909f56bfc062723c751e8b465ee728b)
Start importing Assets/Images/Game/Isle/tile_89.png using Guid(3784b1a5c0b82c845997be6a85acf299) Importer(815301076,1909f56bfc062723c751e8b465ee728b)  -> (artifact id: 'd364db0ba18dba03b80efb8756a0f741') in 0.017649 seconds
Number of updated asset objects reloaded before import = 0
Number of asset objects unloaded after import = 3
========================================================================
Received Import Request.
  Time since last request: 0.000023 seconds.
  path: Assets/Images/Game/Isle/tile_74.png
  artifactKey: Guid(f8c85a9d796aaa4478a6f5ab814b7d31) Importer(815301076,1909f56bfc062723c751e8b465ee728b)
Start importing Assets/Images/Game/Isle/tile_74.png using Guid(f8c85a9d796aaa4478a6f5ab814b7d31) Importer(815301076,1909f56bfc062723c751e8b465ee728b)  -> (artifact id: 'c4926add288f817af4e08cfa8701aaa1') in 0.296062 seconds
Number of updated asset objects reloaded before import = 0
Number of asset objects unloaded after import = 3
========================================================================
Received Prepare
Begin MonoManager ReloadAssembly
- Loaded All Assemblies, in  0.548 seconds
Refreshing native plugins compatible for Editor in 2.98 ms, found 3 plugins.
Native extension for WindowsStandalone target not found
[Package Manager] Server::EnsureServerProcessIsRunning -- launch failed, reason: Unity was launched with the -noUpm command-line argument
[Package Manager] UpmClient::Send -- Unable to send message (not connected to UPM process).
[Package Manager] Cannot connect to Unity Package Manager local server
Mono: successfully reloaded assembly
- Finished resetting the current domain, in  1.161 seconds
Domain Reload Profiling: 1709ms
	BeginReloadAssembly (227ms)
		ExecutionOrderSort (0ms)
		DisableScriptedObjects (7ms)
		BackupInstance (0ms)
		ReleaseScriptingObjects (0ms)
		CreateAndSetChildDomain (48ms)
	RebuildCommonClasses (43ms)
	RebuildNativeTypeToScriptingClass (17ms)
	initialDomainReloadingComplete (33ms)
	LoadAllAssembliesAndSetupDomain (227ms)
		LoadAssemblies (318ms)
		RebuildTransferFunctionScriptingTraits (0ms)
		AnalyzeDomain (14ms)
			TypeCache.Refresh (6ms)
				TypeCache.ScanAssembly (0ms)
			ScanForSourceGeneratedMonoScriptInfo (0ms)
			ResolveRequiredComponents (6ms)
	FinalizeReload (1162ms)
		ReleaseScriptCaches (0ms)
		RebuildScriptCaches (0ms)
		SetupLoadedEditorAssemblies (575ms)
			LogAssemblyErrors (0ms)
			InitializePlatformSupportModulesInManaged (6ms)
			SetLoadedEditorAssemblies (6ms)
			RefreshPlugins (0ms)
			BeforeProcessingInitializeOnLoad (82ms)
			ProcessInitializeOnLoadAttributes (450ms)
			ProcessInitializeOnLoadMethodAttributes (25ms)
			AfterProcessingInitializeOnLoad (5ms)
			EditorAssembliesLoaded (0ms)
		ExecutionOrderSort2 (0ms)
		AwakeInstancesAfterBackupRestoration (10ms)
Refreshing native plugins compatible for Editor in 3.61 ms, found 3 plugins.
Preloading 0 native plugins for Editor in 0.00 ms.
Unloading 3483 Unused Serialized files (Serialized files now loaded: 0)
Unloading 26 unused Assets / (31.3 KB). Loaded Objects now: 4008.
Memory consumption went from 126.7 MB to 126.7 MB.
Total: 5.641600 ms (FindLiveObjects: 0.376200 ms CreateObjectMapping: 0.290400 ms MarkObjects: 4.827700 ms  DeleteObjects: 0.145800 ms)

Prepare: number of updated asset objects reloaded= 0
AssetImportParameters requested are different than current active one (requested -> active):
  custom:container-demuxer-ogg: 62fdf1f143b41e24485cea50d1cbac27 -> 
  custom:video-decoder-ogg-theora: a1e56fd34408186e4bbccfd4996cb3dc -> 
  custom:framework-win-MediaFoundation: 216162199b28c13a410421893ffa2e32 -> 
  custom:CustomObjectIndexerAttribute: 756ad292c208cfabdd7b50bc23989ffe -> 
  custom:container-demuxer-webm: 4f35f7cbe854078d1ac9338744f61a02 -> 
  custom:container-muxer-webm: aa71ff27fc2769a1b78a27578f13a17b -> 
  custom:video-decoder-webm-vp8: 9c59270c3fd7afecdb556c50c9e8de78 -> 
  custom:SearchIndexIgnoredProperties: e643bd26f0fe6173181afceb89e7c659 -> 
  custom:AudioImporter_EditorPlatform: d09bf68614088b80899f8185d706f6e7 -> 
  custom:video-encoder-webm-vp8: eb34c28f22e8b96e1ab97ce403110664 -> 
  custom:audio-decoder-ogg-vorbis: bf7c407c2cedff20999df2af8eb42d56 -> 
  custom:audio-encoder-webm-vorbis: bf7c407c2cedff20999df2af8eb42d56 -> 
